#
# There is insufficient memory for the Java Runtime Environment to continue.
# Native memory allocation (malloc) failed to allocate 119216 bytes for Chunk::new
# Possible reasons:
#   The system is out of physical RAM or swap space
#   In 32 bit mode, the process size limit was hit
# Possible solutions:
#   Reduce memory load on the system
#   Increase physical memory or swap space
#   Check if swap backing store is full
#   Use 64 bit Java on a 64 bit OS
#   Decrease Java heap size (-Xmx/-Xms)
#   Decrease number of Java threads
#   Decrease Java thread stack sizes (-Xss)
#   Set larger code cache with -XX:ReservedCodeCacheSize=
# This output file may be truncated or incomplete.
#
#  Out of Memory Error (allocation.cpp:323), pid=16340, tid=15756
#
# JRE version: Java(TM) SE Runtime Environment (7.0_79-b15) (build 1.7.0_79-b15)
# Java VM: Java HotSpot(TM) 64-Bit Server VM (24.79-b02 mixed mode windows-amd64 compressed oops)
# Failed to write core dump. Minidumps are not enabled by default on client versions of Windows
#

---------------  T H R E A D  ---------------

Current thread (0x0000000009e3c800):  JavaThread "C2 CompilerThread1" daemon [_thread_in_native, id=15756, stack(0x000000000b090000,0x000000000b190000)]

Stack: [0x000000000b090000,0x000000000b190000]
[error occurred during error reporting (printing stack bounds), id 0xc0000005]


[error occurred during error reporting (printing native stack), id 0xc0000005]


Current CompileTask:
C2:   1800  162             sun.security.provider.SHA::implCompress (491 bytes)


---------------  P R O C E S S  ---------------

Java Threads: ( => current thread )
  0x0000000009e41800 JavaThread "Service Thread" daemon [_thread_blocked, id=16276, stack(0x000000000b840000,0x000000000b940000)]
=>0x0000000009e3c800 JavaThread "C2 CompilerThread1" daemon [_thread_in_native, id=15756, stack(0x000000000b090000,0x000000000b190000)]
  0x0000000009e38000 JavaThread "C2 CompilerThread0" daemon [_thread_blocked, id=5388, stack(0x000000000b590000,0x000000000b690000)]
  0x0000000009e37000 JavaThread "Attach Listener" daemon [_thread_blocked, id=12144, stack(0x000000000b3c0000,0x000000000b4c0000)]
  0x0000000008c79800 JavaThread "Signal Dispatcher" daemon [_thread_blocked, id=15908, stack(0x000000000b2b0000,0x000000000b3b0000)]
  0x0000000008c61000 JavaThread "Finalizer" daemon [_thread_blocked, id=16188, stack(0x000000000b1b0000,0x000000000b2b0000)]
  0x0000000002116800 JavaThread "Reference Handler" daemon [_thread_blocked, id=15620, stack(0x000000000af40000,0x000000000b040000)]
  0x000000000219e000 JavaThread "main" [_thread_in_Java, id=15840, stack(0x0000000002440000,0x0000000002540000)]

Other Threads:
  0x0000000008c5e000 VMThread [stack: 0x000000000ad50000,0x000000000ae50000] [id=15512]
  0x0000000009e52000 WatcherThread [stack: 0x000000000b940000,0x000000000ba40000] [id=10772]

VM state:not at safepoint (normal execution)

VM Mutex/Monitor currently owned by a thread: None

Heap
 PSYoungGen      total 57344K, used 22874K [0x00000000eaa80000, 0x00000000eea00000, 0x0000000100000000)
  eden space 49664K, 46% used [0x00000000eaa80000,0x00000000ec0d69d8,0x00000000edb00000)
  from space 7680K, 0% used [0x00000000ee280000,0x00000000ee280000,0x00000000eea00000)
  to   space 7680K, 0% used [0x00000000edb00000,0x00000000edb00000,0x00000000ee280000)
 ParOldGen       total 129536K, used 0K [0x00000000c0000000, 0x00000000c7e80000, 0x00000000eaa80000)
  object space 129536K, 0% used [0x00000000c0000000,0x00000000c0000000,0x00000000c7e80000)
 PSPermGen       total 21504K, used 5751K [0x00000000bae00000, 0x00000000bc300000, 0x00000000c0000000)
  object space 21504K, 26% used [0x00000000bae00000,0x00000000bb39dc50,0x00000000bc300000)

Card table byte_map: [0x0000000005540000,0x0000000005770000] byte_map_base: 0x0000000004f69000

Polling page: 0x0000000000350000

Code Cache  [0x0000000002540000, 0x00000000027b0000, 0x0000000005540000)
 total_blobs=384 nmethods=163 adapters=173 free_code_cache=48520Kb largest_free_block=49664128

Compilation events (10 events):
Event: 1.708 Thread 0x0000000009e38000  159             com.android.dx.dex.file.DexFile::getTypeIds (5 bytes)
Event: 1.709 Thread 0x0000000009e38000 nmethod 159 0x00000000025ddf90 code [0x00000000025de0c0, 0x00000000025de118]
Event: 1.728 Thread 0x0000000009e38000  160             com.android.dx.util.ByteArrayAnnotatedOutput::annotates (13 bytes)
Event: 1.728 Thread 0x0000000009e38000 nmethod 160 0x00000000025ddd50 code [0x00000000025dde80, 0x00000000025ddef8]
Event: 1.730 Thread 0x0000000009e3c800 nmethod 156 0x00000000025de7d0 code [0x00000000025de9a0, 0x00000000025df500]
Event: 1.763 Thread 0x0000000009e38000  161             java.util.Properties$LineReader::readLine (452 bytes)
Event: 1.779 Thread 0x0000000009e3c800  162             sun.security.provider.SHA::implCompress (491 bytes)
Event: 1.788 Thread 0x0000000009e38000 nmethod 161 0x00000000025e1fd0 code [0x00000000025e2160, 0x00000000025e2958]
Event: 1.796 Thread 0x0000000009e38000  164             java.lang.Integer::reverseBytes (26 bytes)
Event: 1.797 Thread 0x0000000009e38000 nmethod 164 0x00000000025dd190 code [0x00000000025dd2c0, 0x00000000025dd338]

GC Heap History (0 events):
No events

Deoptimization events (10 events):
Event: 0.860 Thread 0x0000000009fa8000 Uncommon trap: reason=class_check action=maybe_recompile pc=0x00000000025ba4bc method=com.android.dx.ssa.SsaBasicBlock.forEachInsn(Lcom/android/dx/ssa/SsaInsn$Visitor;)V @ 23
Event: 0.861 Thread 0x0000000009fa8000 Uncommon trap: reason=class_check action=maybe_recompile pc=0x00000000025ba4bc method=com.android.dx.ssa.SsaBasicBlock.forEachInsn(Lcom/android/dx/ssa/SsaInsn$Visitor;)V @ 23
Event: 0.861 Thread 0x0000000009fa8000 Uncommon trap: reason=class_check action=maybe_recompile pc=0x00000000025ba4bc method=com.android.dx.ssa.SsaBasicBlock.forEachInsn(Lcom/android/dx/ssa/SsaInsn$Visitor;)V @ 23
Event: 0.862 Thread 0x0000000009fa8000 Uncommon trap: reason=class_check action=maybe_recompile pc=0x00000000025ba4bc method=com.android.dx.ssa.SsaBasicBlock.forEachInsn(Lcom/android/dx/ssa/SsaInsn$Visitor;)V @ 23
Event: 0.882 Thread 0x0000000009f98000 Uncommon trap: reason=unreached action=reinterpret pc=0x00000000025bef94 method=com.android.dx.rop.code.RopMethod.calcPredecessors()V @ 115
Event: 1.241 Thread 0x0000000009fa7800 Uncommon trap: reason=null_check action=make_not_entrant pc=0x00000000025d044c method=com.android.dx.rop.code.LocalItem.equals(Ljava/lang/Object;)Z @ 1
Event: 1.771 Thread 0x000000000219e000 Uncommon trap: reason=class_check action=maybe_recompile pc=0x00000000025cde5c method=java.util.HashMap.put(Ljava/lang/Object;Ljava/lang/Object;)Ljava/lang/Object; @ 137
Event: 1.771 Thread 0x000000000219e000 Uncommon trap: reason=class_check action=maybe_recompile pc=0x00000000025cde5c method=java.util.HashMap.put(Ljava/lang/Object;Ljava/lang/Object;)Ljava/lang/Object; @ 137
Event: 1.771 Thread 0x000000000219e000 Uncommon trap: reason=class_check action=maybe_recompile pc=0x00000000025cde5c method=java.util.HashMap.put(Ljava/lang/Object;Ljava/lang/Object;)Ljava/lang/Object; @ 137
Event: 1.771 Thread 0x000000000219e000 Uncommon trap: reason=class_check action=maybe_recompile pc=0x00000000025cde5c method=java.util.HashMap.put(Ljava/lang/Object;Ljava/lang/Object;)Ljava/lang/Object; @ 137

Internal exceptions (10 events):
Event: 1.573 Thread 0x000000000219e000 Threw 0x00000000ebbdae48 at C:\re\jdk7u79\2331\hotspot\src\share\vm\prims\jvm.cpp:1304
Event: 1.574 Thread 0x000000000219e000 Threw 0x00000000ebbddc78 at C:\re\jdk7u79\2331\hotspot\src\share\vm\prims\jvm.cpp:1304
Event: 1.629 Thread 0x000000000219e000 Threw 0x00000000ebfea068 at C:\re\jdk7u79\2331\hotspot\src\share\vm\prims\jvm.cpp:1304
Event: 1.634 Thread 0x000000000219e000 Threw 0x00000000ebff5908 at C:\re\jdk7u79\2331\hotspot\src\share\vm\prims\jvm.cpp:1304
Event: 1.635 Thread 0x000000000219e000 Threw 0x00000000ebff81a0 at C:\re\jdk7u79\2331\hotspot\src\share\vm\prims\jvm.cpp:1304
Event: 1.643 Thread 0x000000000219e000 Threw 0x00000000ec024e50 at C:\re\jdk7u79\2331\hotspot\src\share\vm\prims\jvm.cpp:1304
Event: 1.688 Thread 0x000000000219e000 Threw 0x00000000ec04eee8 at C:\re\jdk7u79\2331\hotspot\src\share\vm\prims\jvm.cpp:1304
Event: 1.689 Thread 0x000000000219e000 Threw 0x00000000ec054078 at C:\re\jdk7u79\2331\hotspot\src\share\vm\prims\jvm.cpp:1304
Event: 1.693 Thread 0x000000000219e000 Threw 0x00000000ec073538 at C:\re\jdk7u79\2331\hotspot\src\share\vm\prims\jvm.cpp:1304
Event: 1.727 Thread 0x000000000219e000 Threw 0x00000000ec0766e8 at C:\re\jdk7u79\2331\hotspot\src\share\vm\prims\jvm.cpp:1304

Events (10 events):
Event: 1.776 loading class 0x000000000c12c8a0
Event: 1.777 loading class 0x0000000009fc2950
Event: 1.777 loading class 0x0000000009fc2950 done
Event: 1.777 loading class 0x000000000c12c8a0 done
Event: 1.777 loading class 0x0000000009fbbf70
Event: 1.777 loading class 0x0000000009fbbf70 done
Event: 1.777 loading class 0x0000000009ef6d60
Event: 1.777 loading class 0x0000000009ef6d60 done
Event: 1.777 loading class 0x0000000009fc2920
Event: 1.777 loading class 0x0000000009fc2920 done


Dynamic libraries:
0x000000013f830000 - 0x000000013f863000 	D:\jdkk\bin\java.exe
0x0000000077320000 - 0x00000000774ca000 	C:\Windows\SYSTEM32\ntdll.dll
0x0000000077100000 - 0x000000007721f000 	C:\Windows\system32\kernel32.dll
0x000007fefd1b0000 - 0x000007fefd21a000 	C:\Windows\system32\KERNELBASE.dll
0x000007fefe400000 - 0x000007fefe4db000 	C:\Windows\system32\ADVAPI32.dll
0x000007fefe5c0000 - 0x000007fefe65f000 	C:\Windows\system32\msvcrt.dll
0x000007fefddb0000 - 0x000007fefddcf000 	C:\Windows\SYSTEM32\sechost.dll
0x000007fefddd0000 - 0x000007fefdefd000 	C:\Windows\system32\RPCRT4.dll
0x0000000077220000 - 0x000000007731a000 	C:\Windows\system32\USER32.dll
0x000007fefd460000 - 0x000007fefd4c7000 	C:\Windows\system32\GDI32.dll
0x000007fefe5b0000 - 0x000007fefe5be000 	C:\Windows\system32\LPK.dll
0x000007fefe4e0000 - 0x000007fefe5aa000 	C:\Windows\system32\USP10.dll
0x000007fefa9b0000 - 0x000007fefaba4000 	C:\Windows\WinSxS\amd64_microsoft.windows.common-controls_6595b64144ccf1df_6.0.7601.18837_none_fa3b1e3d17594757\COMCTL32.dll
0x000007fefe2e0000 - 0x000007fefe351000 	C:\Windows\system32\SHLWAPI.dll
0x000007fefe020000 - 0x000007fefe04e000 	C:\Windows\system32\IMM32.DLL
0x000007fefe6b0000 - 0x000007fefe7b9000 	C:\Windows\system32\MSCTF.dll
0x000007fefcfd0000 - 0x000007fefd001000 	C:\Windows\system32\nvinitx.dll
0x000007fefcfc0000 - 0x000007fefcfcc000 	C:\Windows\system32\VERSION.dll
0x000000000f000000 - 0x000000000f006000 	C:\Program Files\NVIDIA Corporation\CoProcManager\detoured.dll
0x000007fef92d0000 - 0x000007fef9301000 	C:\Program Files\NVIDIA Corporation\CoProcManager\nvd3d9wrapx.dll
0x000007fefdb60000 - 0x000007fefdd37000 	C:\Windows\system32\SETUPAPI.dll
0x000007fefd250000 - 0x000007fefd286000 	C:\Windows\system32\CFGMGR32.dll
0x000007feff550000 - 0x000007feff628000 	C:\Windows\system32\OLEAUT32.dll
0x000007fefd7c0000 - 0x000007fefd9c3000 	C:\Windows\system32\ole32.dll
0x000007fefd0f0000 - 0x000007fefd10a000 	C:\Windows\system32\DEVOBJ.dll
0x000007fef8f40000 - 0x000007fef8f62000 	C:\Program Files\NVIDIA Corporation\CoProcManager\nvdxgiwrapx.dll
0x0000000077a70000 - 0x0000000077b42000 	D:\jdkk\jre\bin\msvcr100.dll
0x0000000056930000 - 0x0000000057105000 	D:\jdkk\jre\bin\server\jvm.dll
0x000007fef68f0000 - 0x000007fef68f9000 	C:\Windows\system32\WSOCK32.dll
0x000007fefe660000 - 0x000007fefe6ad000 	C:\Windows\system32\WS2_32.dll
0x000007fefdd40000 - 0x000007fefdd48000 	C:\Windows\system32\NSI.dll
0x000007fefa510000 - 0x000007fefa54b000 	C:\Windows\system32\WINMM.dll
0x00000000774e0000 - 0x00000000774e7000 	C:\Windows\system32\PSAPI.DLL
0x0000000056840000 - 0x000000005684f000 	D:\jdkk\jre\bin\verify.dll
0x0000000056810000 - 0x0000000056838000 	D:\jdkk\jre\bin\java.dll
0x00000000567f0000 - 0x0000000056805000 	D:\jdkk\jre\bin\zip.dll

VM Arguments:
jvm_args: -Djava.awt.headless=true -Xmx1024M -Dfile.encoding=GBK -Duser.country=CN -Duser.language=zh -Duser.variant 
java_command: com.android.dx.command.Main --dex --num-threads=4 --output E:\AndroidProjectDemo2\NewLearn\amingnet\build\intermediates\pre-dexed\debug\debug_ee4732039e65523323ff98a54b8dda71ae674fec.jar E:\AndroidProjectDemo2\NewLearn\amingnet\build\intermediates\classes\debug
Launcher Type: SUN_STANDARD

Environment Variables:
JAVA_HOME=D:\jdkk
CLASSPATH=.;D:\jdkk\lib;
PATH=D:\jdkk\bin;;C:\Windows\system32
USERNAME=wenming
OS=Windows_NT
PROCESSOR_IDENTIFIER=Intel64 Family 6 Model 60 Stepping 3, GenuineIntel



---------------  S Y S T E M  ---------------

OS: Windows 7 , 64 bit Build 7601 Service Pack 1

CPU:total 8 (4 cores per cpu, 2 threads per core) family 6 model 60 stepping 3, cmov, cx8, fxsr, mmx, sse, sse2, sse3, ssse3, sse4.1, sse4.2, popcnt, avx, avx2, aes, erms, ht, tsc, tscinvbit

Memory: 4k page, physical 12467252k(2370380k free), swap 13694192k(4828k free)

vm_info: Java HotSpot(TM) 64-Bit Server VM (24.79-b02) for windows-amd64 JRE (1.7.0_79-b15), built on Apr 10 2015 12:36:16 by "java_re" with unknown MS VC++:1600

time: Tue Jun 21 15:25:52 2016
elapsed time: 1 seconds

