#
# There is insufficient memory for the Java Runtime Environment to continue.
# Native memory allocation (malloc) failed to allocate 415696 bytes for Chunk::new
# Possible reasons:
#   The system is out of physical RAM or swap space
#   In 32 bit mode, the process size limit was hit
# Possible solutions:
#   Reduce memory load on the system
#   Increase physical memory or swap space
#   Check if swap backing store is full
#   Use 64 bit Java on a 64 bit OS
#   Decrease Java heap size (-Xmx/-Xms)
#   Decrease number of Java threads
#   Decrease Java thread stack sizes (-Xss)
#   Set larger code cache with -XX:ReservedCodeCacheSize=
# This output file may be truncated or incomplete.
#
#  Out of Memory Error (allocation.cpp:323), pid=16236, tid=13716
#
# JRE version: Java(TM) SE Runtime Environment (7.0_79-b15) (build 1.7.0_79-b15)
# Java VM: Java HotSpot(TM) 64-Bit Server VM (24.79-b02 mixed mode windows-amd64 compressed oops)
# Failed to write core dump. Minidumps are not enabled by default on client versions of Windows
#

---------------  T H R E A D  ---------------

Current thread (0x0000000009a55800):  JavaThread "C2 CompilerThread0" daemon [_thread_in_native, id=13716, stack(0x000000000b180000,0x000000000b280000)]

Stack: [0x000000000b180000,0x000000000b280000]
[error occurred during error reporting (printing stack bounds), id 0xc0000005]


[error occurred during error reporting (printing native stack), id 0xc0000005]


Current CompileTask:
C2:   1933  193             com.android.dx.ssa.Dominators::run (506 bytes)


---------------  P R O C E S S  ---------------

Java Threads: ( => current thread )
  0x0000000009d65000 JavaThread "pool-1-thread-4" [_thread_in_Java, id=16072, stack(0x000000000c5d0000,0x000000000c6d0000)]
  0x0000000009c51000 JavaThread "pool-1-thread-3" [_thread_blocked, id=14840, stack(0x000000000c3a0000,0x000000000c4a0000)]
  0x0000000009c50800 JavaThread "pool-1-thread-2" [_thread_blocked, id=10360, stack(0x000000000c010000,0x000000000c110000)]
  0x0000000009d7f000 JavaThread "pool-2-thread-1" [_thread_blocked, id=15584, stack(0x000000000aa70000,0x000000000ab70000)]
  0x0000000009d7e000 JavaThread "pool-1-thread-1" [_thread_blocked, id=15764, stack(0x000000000c260000,0x000000000c360000)]
  0x0000000009a62800 JavaThread "Service Thread" daemon [_thread_blocked, id=15564, stack(0x000000000b530000,0x000000000b630000)]
  0x0000000009a58000 JavaThread "C2 CompilerThread1" daemon [_thread_in_native, id=16380, stack(0x000000000b390000,0x000000000b490000)]
=>0x0000000009a55800 JavaThread "C2 CompilerThread0" daemon [_thread_in_native, id=13716, stack(0x000000000b180000,0x000000000b280000)]
  0x0000000009a54800 JavaThread "Attach Listener" daemon [_thread_blocked, id=15544, stack(0x000000000b020000,0x000000000b120000)]
  0x000000000889f000 JavaThread "Signal Dispatcher" daemon [_thread_blocked, id=14704, stack(0x000000000aef0000,0x000000000aff0000)]
  0x0000000008881000 JavaThread "Finalizer" daemon [_thread_blocked, id=16164, stack(0x000000000ad50000,0x000000000ae50000)]
  0x0000000002196800 JavaThread "Reference Handler" daemon [_thread_blocked, id=15820, stack(0x000000000abc0000,0x000000000acc0000)]
  0x000000000209e000 JavaThread "main" [_thread_blocked, id=15532, stack(0x0000000002330000,0x0000000002430000)]

Other Threads:
  0x000000000887e000 VMThread [stack: 0x000000000a970000,0x000000000aa70000] [id=15472]
  0x0000000009a73000 WatcherThread [stack: 0x000000000b710000,0x000000000b810000] [id=15420]

VM state:not at safepoint (normal execution)

VM Mutex/Monitor currently owned by a thread: None

Heap
 PSYoungGen      total 57344K, used 33798K [0x00000000eaa80000, 0x00000000eea00000, 0x0000000100000000)
  eden space 49664K, 68% used [0x00000000eaa80000,0x00000000ecb81908,0x00000000edb00000)
  from space 7680K, 0% used [0x00000000ee280000,0x00000000ee280000,0x00000000eea00000)
  to   space 7680K, 0% used [0x00000000edb00000,0x00000000edb00000,0x00000000ee280000)
 ParOldGen       total 129536K, used 0K [0x00000000c0000000, 0x00000000c7e80000, 0x00000000eaa80000)
  object space 129536K, 0% used [0x00000000c0000000,0x00000000c0000000,0x00000000c7e80000)
 PSPermGen       total 21504K, used 5792K [0x00000000bae00000, 0x00000000bc300000, 0x00000000c0000000)
  object space 21504K, 26% used [0x00000000bae00000,0x00000000bb3a80b0,0x00000000bc300000)

Card table byte_map: [0x0000000005430000,0x0000000005660000] byte_map_base: 0x0000000004e59000

Polling page: 0x0000000000360000

Code Cache  [0x0000000002430000, 0x00000000026a0000, 0x0000000005430000)
 total_blobs=439 nmethods=200 adapters=191 free_code_cache=48363Kb largest_free_block=49497792

Compilation events (10 events):
Event: 1.857 Thread 0x0000000009a58000 nmethod 197 0x00000000024f3650 code [0x00000000024f3780, 0x00000000024f3818]
Event: 1.857 Thread 0x0000000009a58000  198             com.android.dx.rop.code.RegisterSpecSet::localItemToSpec (49 bytes)
Event: 1.864 Thread 0x0000000009a58000 nmethod 198 0x00000000024dcfd0 code [0x00000000024dd120, 0x00000000024dd558]
Event: 1.864 Thread 0x0000000009a58000  199             com.android.dx.ssa.SsaMethod$2::addToUses (48 bytes)
Event: 1.889 Thread 0x0000000009a58000 nmethod 199 0x00000000024f0510 code [0x00000000024f06c0, 0x00000000024f0e98]
Event: 1.889 Thread 0x0000000009a58000  200             com.android.dx.rop.cst.Constant::compareTo (9 bytes)
Event: 1.891 Thread 0x0000000009a58000 nmethod 200 0x00000000024f1710 code [0x00000000024f1880, 0x00000000024f1ab8]
Event: 1.891 Thread 0x0000000009a58000  201             com.android.dx.ssa.SsaMethod::bitSetFromLabelList (47 bytes)
Event: 1.904 Thread 0x0000000009a58000 nmethod 201 0x00000000024dc510 code [0x00000000024dc680, 0x00000000024dcac8]
Event: 1.904 Thread 0x0000000009a58000  202             java.util.HashMap::put (142 bytes)

GC Heap History (0 events):
No events

Deoptimization events (4 events):
Event: 0.998 Thread 0x0000000009c50800 Uncommon trap: reason=class_check action=maybe_recompile pc=0x00000000024a83b4 method=com.android.dx.ssa.NormalSsaInsn.accept(Lcom/android/dx/ssa/SsaInsn$Visitor;)V @ 9
Event: 1.094 Thread 0x0000000009c50800 Uncommon trap: reason=class_check action=maybe_recompile pc=0x00000000024a83b4 method=com.android.dx.ssa.NormalSsaInsn.accept(Lcom/android/dx/ssa/SsaInsn$Visitor;)V @ 9
Event: 1.115 Thread 0x0000000009c50800 Uncommon trap: reason=null_check action=make_not_entrant pc=0x00000000024b5cd8 method=com.android.dx.rop.code.LocalItem.equals(Ljava/lang/Object;)Z @ 1
Event: 1.244 Thread 0x0000000009d7e000 Uncommon trap: reason=unreached action=reinterpret pc=0x00000000024ba1c4 method=com.android.dx.rop.cst.Constant.compareTo(Lcom/android/dx/rop/cst/Constant;)I @ 12

Internal exceptions (10 events):
Event: 0.858 Thread 0x000000000209e000 Threw 0x00000000eb97d0f8 at C:\re\jdk7u79\2331\hotspot\src\share\vm\prims\jvm.cpp:1304
Event: 0.859 Thread 0x000000000209e000 Threw 0x00000000eb983028 at C:\re\jdk7u79\2331\hotspot\src\share\vm\prims\jvm.cpp:1304
Event: 0.861 Thread 0x000000000209e000 Threw 0x00000000eb9875f0 at C:\re\jdk7u79\2331\hotspot\src\share\vm\prims\jvm.cpp:1304
Event: 0.866 Thread 0x000000000209e000 Threw 0x00000000eb993cb8 at C:\re\jdk7u79\2331\hotspot\src\share\vm\prims\jvm.cpp:1304
Event: 0.873 Thread 0x0000000009d65000 Threw 0x00000000eb607778 at C:\re\jdk7u79\2331\hotspot\src\share\vm\prims\jvm.cpp:1304
Event: 0.889 Thread 0x000000000209e000 Threw 0x00000000eb9bd1d8 at C:\re\jdk7u79\2331\hotspot\src\share\vm\prims\jvm.cpp:1304
Event: 0.904 Thread 0x000000000209e000 Threw 0x00000000eb9e4878 at C:\re\jdk7u79\2331\hotspot\src\share\vm\prims\jvm.cpp:1304
Event: 0.946 Thread 0x0000000009c50800 Threw 0x00000000eb8b7460 at C:\re\jdk7u79\2331\hotspot\src\share\vm\prims\jvm.cpp:1304
Event: 1.092 Thread 0x0000000009d7e000 Threw 0x00000000ebe40358 at C:\re\jdk7u79\2331\hotspot\src\share\vm\prims\jvm.cpp:1304
Event: 1.115 Thread 0x0000000009c50800 Implicit null exception at 0x00000000024b58d9 to 0x00000000024b5cc5

Events (10 events):
Event: 1.115 Thread 0x0000000009c50800 DEOPT UNPACKING pc=0x00000000024675a4 sp=0x000000000c10e9b0 mode 2
Event: 1.213 loading class 0x00000000086d7fc0
Event: 1.213 loading class 0x00000000086d7fc0 done
Event: 1.244 Thread 0x0000000009d7e000 Uncommon trap: trap_request=0xffffffad fr.pc=0x00000000024ba1c4
Event: 1.244 Thread 0x0000000009d7e000 DEOPT PACKING pc=0x00000000024ba1c4 sp=0x000000000c35e710
Event: 1.244 Thread 0x0000000009d7e000 DEOPT UNPACKING pc=0x00000000024675a4 sp=0x000000000c35e6b0 mode 2
Event: 1.384 loading class 0x00000000086de970
Event: 1.384 loading class 0x00000000086de970 done
Event: 1.384 loading class 0x00000000086de940
Event: 1.384 loading class 0x00000000086de940 done


Dynamic libraries:
0x000000013f830000 - 0x000000013f863000 	D:\jdkk\bin\java.exe
0x0000000077320000 - 0x00000000774ca000 	C:\Windows\SYSTEM32\ntdll.dll
0x0000000077100000 - 0x000000007721f000 	C:\Windows\system32\kernel32.dll
0x000007fefd1b0000 - 0x000007fefd21a000 	C:\Windows\system32\KERNELBASE.dll
0x000007fefe400000 - 0x000007fefe4db000 	C:\Windows\system32\ADVAPI32.dll
0x000007fefe5c0000 - 0x000007fefe65f000 	C:\Windows\system32\msvcrt.dll
0x000007fefddb0000 - 0x000007fefddcf000 	C:\Windows\SYSTEM32\sechost.dll
0x000007fefddd0000 - 0x000007fefdefd000 	C:\Windows\system32\RPCRT4.dll
0x0000000077220000 - 0x000000007731a000 	C:\Windows\system32\USER32.dll
0x000007fefd460000 - 0x000007fefd4c7000 	C:\Windows\system32\GDI32.dll
0x000007fefe5b0000 - 0x000007fefe5be000 	C:\Windows\system32\LPK.dll
0x000007fefe4e0000 - 0x000007fefe5aa000 	C:\Windows\system32\USP10.dll
0x000007fefa9b0000 - 0x000007fefaba4000 	C:\Windows\WinSxS\amd64_microsoft.windows.common-controls_6595b64144ccf1df_6.0.7601.18837_none_fa3b1e3d17594757\COMCTL32.dll
0x000007fefe2e0000 - 0x000007fefe351000 	C:\Windows\system32\SHLWAPI.dll
0x000007fefe020000 - 0x000007fefe04e000 	C:\Windows\system32\IMM32.DLL
0x000007fefe6b0000 - 0x000007fefe7b9000 	C:\Windows\system32\MSCTF.dll
0x000007fefcfd0000 - 0x000007fefd001000 	C:\Windows\system32\nvinitx.dll
0x000007fefcfc0000 - 0x000007fefcfcc000 	C:\Windows\system32\VERSION.dll
0x000000000f000000 - 0x000000000f006000 	C:\Program Files\NVIDIA Corporation\CoProcManager\detoured.dll
0x000007fef92d0000 - 0x000007fef9301000 	C:\Program Files\NVIDIA Corporation\CoProcManager\nvd3d9wrapx.dll
0x000007fefdb60000 - 0x000007fefdd37000 	C:\Windows\system32\SETUPAPI.dll
0x000007fefd250000 - 0x000007fefd286000 	C:\Windows\system32\CFGMGR32.dll
0x000007feff550000 - 0x000007feff628000 	C:\Windows\system32\OLEAUT32.dll
0x000007fefd7c0000 - 0x000007fefd9c3000 	C:\Windows\system32\ole32.dll
0x000007fefd0f0000 - 0x000007fefd10a000 	C:\Windows\system32\DEVOBJ.dll
0x000007fef8f40000 - 0x000007fef8f62000 	C:\Program Files\NVIDIA Corporation\CoProcManager\nvdxgiwrapx.dll
0x0000000077a70000 - 0x0000000077b42000 	D:\jdkk\jre\bin\msvcr100.dll
0x0000000056930000 - 0x0000000057105000 	D:\jdkk\jre\bin\server\jvm.dll
0x000007fef68f0000 - 0x000007fef68f9000 	C:\Windows\system32\WSOCK32.dll
0x000007fefe660000 - 0x000007fefe6ad000 	C:\Windows\system32\WS2_32.dll
0x000007fefdd40000 - 0x000007fefdd48000 	C:\Windows\system32\NSI.dll
0x000007fefa510000 - 0x000007fefa54b000 	C:\Windows\system32\WINMM.dll
0x00000000774e0000 - 0x00000000774e7000 	C:\Windows\system32\PSAPI.DLL
0x0000000056840000 - 0x000000005684f000 	D:\jdkk\jre\bin\verify.dll
0x0000000056810000 - 0x0000000056838000 	D:\jdkk\jre\bin\java.dll
0x00000000567f0000 - 0x0000000056805000 	D:\jdkk\jre\bin\zip.dll
0x00000000567d0000 - 0x00000000567ea000 	D:\jdkk\jre\bin\net.dll
0x000007fefc830000 - 0x000007fefc885000 	C:\Windows\system32\mswsock.dll
0x000007fefc820000 - 0x000007fefc827000 	C:\Windows\System32\wship6.dll
0x00000000567b0000 - 0x00000000567c1000 	D:\jdkk\jre\bin\nio.dll

VM Arguments:
jvm_args: -Djava.awt.headless=true -Xmx1024M -Dfile.encoding=GBK -Duser.country=CN -Duser.language=zh -Duser.variant 
java_command: com.android.dx.command.Main --dex --num-threads=4 --output E:\AndroidProjectDemo2\NewLearn\amingnet\build\intermediates\pre-dexed\debug\internal_impl-23.2.0_35c88a5c39cc0beba7472c017c69c81fa2b0bc4a.jar E:\AndroidProjectDemo2\NewLearn\amingnet\build\intermediates\exploded-aar\com.android.support\support-v4\23.2.0\jars\libs\internal_impl-23.2.0.jar
Launcher Type: SUN_STANDARD

Environment Variables:
JAVA_HOME=D:\jdkk
CLASSPATH=.;D:\jdkk\lib;
PATH=D:\jdkk\bin;;C:\Windows\system32
USERNAME=wenming
OS=Windows_NT
PROCESSOR_IDENTIFIER=Intel64 Family 6 Model 60 Stepping 3, GenuineIntel



---------------  S Y S T E M  ---------------

OS: Windows 7 , 64 bit Build 7601 Service Pack 1

CPU:total 8 (4 cores per cpu, 2 threads per core) family 6 model 60 stepping 3, cmov, cx8, fxsr, mmx, sse, sse2, sse3, ssse3, sse4.1, sse4.2, popcnt, avx, avx2, aes, erms, ht, tsc, tscinvbit

Memory: 4k page, physical 12467252k(2371276k free), swap 13694192k(5384k free)

vm_info: Java HotSpot(TM) 64-Bit Server VM (24.79-b02) for windows-amd64 JRE (1.7.0_79-b15), built on Apr 10 2015 12:36:16 by "java_re" with unknown MS VC++:1600

time: Tue Jun 21 15:25:52 2016
elapsed time: 1 seconds

