#
# There is insufficient memory for the Java Runtime Environment to continue.
# Native memory allocation (malloc) failed to allocate 63824 bytes for Chunk::new
# Possible reasons:
#   The system is out of physical RAM or swap space
#   In 32 bit mode, the process size limit was hit
# Possible solutions:
#   Reduce memory load on the system
#   Increase physical memory or swap space
#   Check if swap backing store is full
#   Use 64 bit Java on a 64 bit OS
#   Decrease Java heap size (-Xmx/-Xms)
#   Decrease number of Java threads
#   Decrease Java thread stack sizes (-Xss)
#   Set larger code cache with -XX:ReservedCodeCacheSize=
# This output file may be truncated or incomplete.
#
#  Out of Memory Error (allocation.cpp:323), pid=6548, tid=15636
#
# JRE version: Java(TM) SE Runtime Environment (7.0_79-b15) (build 1.7.0_79-b15)
# Java VM: Java HotSpot(TM) 64-Bit Server VM (24.79-b02 mixed mode windows-amd64 compressed oops)
# Failed to write core dump. Minidumps are not enabled by default on client versions of Windows
#

---------------  T H R E A D  ---------------

Current thread (0x0000000008b55800):  JavaThread "C2 CompilerThread1" daemon [_thread_in_native, id=15636, stack(0x000000000b680000,0x000000000b780000)]

Stack: [0x000000000b680000,0x000000000b780000]
[error occurred during error reporting (printing stack bounds), id 0xc0000005]


[error occurred during error reporting (printing native stack), id 0xc0000005]


Current CompileTask:
C2:    735   14             com.android.dx.rop.cst.CstString::utf8BytesToString (391 bytes)


---------------  P R O C E S S  ---------------

Java Threads: ( => current thread )
  0x0000000009d12000 JavaThread "pool-1-thread-4" [_thread_new, id=10448, stack(0x0000000000000000,0x0000000000000000)]
  0x0000000009d0f000 JavaThread "pool-1-thread-3" [_thread_new, id=13632, stack(0x0000000000000000,0x0000000000000000)]
  0x0000000009d08800 JavaThread "pool-1-thread-2" [_thread_blocked, id=13232, stack(0x000000000bba0000,0x000000000bca0000)]
  0x0000000009d08000 JavaThread "pool-2-thread-1" [_thread_blocked, id=6120, stack(0x000000000b940000,0x000000000ba40000)]
  0x0000000009d44800 JavaThread "pool-1-thread-1" [_thread_in_vm, id=13836, stack(0x000000000b800000,0x000000000b900000)]
  0x0000000008b5a000 JavaThread "Service Thread" daemon [_thread_blocked, id=16116, stack(0x000000000b330000,0x000000000b430000)]
=>0x0000000008b55800 JavaThread "C2 CompilerThread1" daemon [_thread_in_native, id=15636, stack(0x000000000b680000,0x000000000b780000)]
  0x0000000008b51000 JavaThread "C2 CompilerThread0" daemon [_thread_blocked, id=15508, stack(0x000000000b490000,0x000000000b590000)]
  0x0000000009c0d800 JavaThread "Attach Listener" daemon [_thread_blocked, id=12356, stack(0x000000000b230000,0x000000000b330000)]
  0x0000000009c0c000 JavaThread "Signal Dispatcher" daemon [_thread_blocked, id=9836, stack(0x000000000b120000,0x000000000b220000)]
  0x0000000008b41000 JavaThread "Finalizer" daemon [_thread_blocked, id=15976, stack(0x000000000af80000,0x000000000b080000)]
  0x0000000002156800 JavaThread "Reference Handler" daemon [_thread_blocked, id=15524, stack(0x000000000ad20000,0x000000000ae20000)]
  0x00000000021ae000 JavaThread "main" [_thread_in_native, id=16128, stack(0x0000000002410000,0x0000000002510000)]

Other Threads:
  0x0000000008b3e000 VMThread [stack: 0x000000000abb0000,0x000000000acb0000] [id=14376]
  0x0000000008b5f000 WatcherThread [stack: 0x000000000ae40000,0x000000000af40000] [id=12972]

VM state:not at safepoint (normal execution)

VM Mutex/Monitor currently owned by a thread: None

Heap
 PSYoungGen      total 57344K, used 6967K [0x00000000eaa80000, 0x00000000eea00000, 0x0000000100000000)
  eden space 49664K, 14% used [0x00000000eaa80000,0x00000000eb14de50,0x00000000edb00000)
  from space 7680K, 0% used [0x00000000ee280000,0x00000000ee280000,0x00000000eea00000)
  to   space 7680K, 0% used [0x00000000edb00000,0x00000000edb00000,0x00000000ee280000)
 ParOldGen       total 129536K, used 0K [0x00000000c0000000, 0x00000000c7e80000, 0x00000000eaa80000)
  object space 129536K, 0% used [0x00000000c0000000,0x00000000c0000000,0x00000000c7e80000)
 PSPermGen       total 21504K, used 3818K [0x00000000bae00000, 0x00000000bc300000, 0x00000000c0000000)
  object space 21504K, 17% used [0x00000000bae00000,0x00000000bb1baa18,0x00000000bc300000)

Card table byte_map: [0x0000000005510000,0x0000000005740000] byte_map_base: 0x0000000004f39000

Polling page: 0x0000000000160000

Code Cache  [0x0000000002510000, 0x0000000002780000, 0x0000000005510000)
 total_blobs=215 nmethods=13 adapters=155 free_code_cache=48744Kb largest_free_block=49892928

Compilation events (10 events):
Event: 0.716 Thread 0x0000000008b55800    9             com.android.dx.util.ByteArray::getUnsignedByte0 (16 bytes)
Event: 0.717 Thread 0x0000000008b51000   10             java.lang.Object::<init> (1 bytes)
Event: 0.717 Thread 0x0000000008b51000 nmethod 10 0x0000000002576550 code [0x0000000002576680, 0x00000000025766f8]
Event: 0.717 Thread 0x0000000008b55800 nmethod 9 0x0000000002575590 code [0x00000000025756c0, 0x0000000002575758]
Event: 0.721 Thread 0x0000000008b51000   11             java.lang.String::indexOf (166 bytes)
Event: 0.722 Thread 0x0000000008b55800   12             com.android.dx.util.ByteArray::checkOffsets (66 bytes)
Event: 0.723 Thread 0x0000000008b55800 nmethod 12 0x0000000002575150 code [0x0000000002575280, 0x00000000025752f8]
Event: 0.725 Thread 0x0000000008b55800   13             com.android.dx.util.ByteArray::getUnsignedByte (14 bytes)
Event: 0.727 Thread 0x0000000008b55800 nmethod 13 0x0000000002574d90 code [0x0000000002574ec0, 0x0000000002574f78]
Event: 0.727 Thread 0x0000000008b55800   14             com.android.dx.rop.cst.CstString::utf8BytesToString (391 bytes)

GC Heap History (0 events):
No events

Deoptimization events (0 events):
No events

Internal exceptions (10 events):
Event: 0.723 Thread 0x0000000009d08800 Threw 0x00000000eae8ca70 at C:\re\jdk7u79\2331\hotspot\src\share\vm\prims\jvm.cpp:1304
Event: 0.724 Thread 0x0000000009d08800 Threw 0x00000000eae91498 at C:\re\jdk7u79\2331\hotspot\src\share\vm\prims\jvm.cpp:1304
Event: 0.725 Thread 0x0000000009d08800 Threw 0x00000000eae957d8 at C:\re\jdk7u79\2331\hotspot\src\share\vm\prims\jvm.cpp:1304
Event: 0.726 Thread 0x0000000009d08800 Threw 0x00000000eae99858 at C:\re\jdk7u79\2331\hotspot\src\share\vm\prims\jvm.cpp:1304
Event: 0.727 Thread 0x0000000009d08800 Threw 0x00000000eaea2868 at C:\re\jdk7u79\2331\hotspot\src\share\vm\prims\jvm.cpp:1304
Event: 0.729 Thread 0x0000000009d08800 Threw 0x00000000eaeab830 at C:\re\jdk7u79\2331\hotspot\src\share\vm\prims\jvm.cpp:1304
Event: 0.730 Thread 0x0000000009d08800 Threw 0x00000000eaeb04b0 at C:\re\jdk7u79\2331\hotspot\src\share\vm\prims\jvm.cpp:1304
Event: 0.731 Thread 0x0000000009d08800 Threw 0x00000000eaeba1b0 at C:\re\jdk7u79\2331\hotspot\src\share\vm\prims\jvm.cpp:1304
Event: 0.732 Thread 0x0000000009d08800 Threw 0x00000000eaebbb60 at C:\re\jdk7u79\2331\hotspot\src\share\vm\prims\jvm.cpp:1304
Event: 0.733 Thread 0x0000000009d08800 Threw 0x00000000eaec0ae8 at C:\re\jdk7u79\2331\hotspot\src\share\vm\prims\jvm.cpp:1304

Events (10 events):
Event: 0.729 loading class 0x0000000009d11910
Event: 0.729 loading class 0x0000000009d11910 done
Event: 0.730 loading class 0x0000000009d0a130
Event: 0.730 loading class 0x0000000009d0a130 done
Event: 0.731 loading class 0x0000000009d7bbe0
Event: 0.731 loading class 0x0000000009d7bbe0 done
Event: 0.732 loading class 0x0000000009c84a90
Event: 0.732 loading class 0x0000000009c84a90 done
Event: 0.733 loading class 0x0000000009d9fa40
Event: 0.733 loading class 0x0000000009d9fa40 done


Dynamic libraries:
0x000000013f830000 - 0x000000013f863000 	D:\jdkk\bin\java.exe
0x0000000077320000 - 0x00000000774ca000 	C:\Windows\SYSTEM32\ntdll.dll
0x0000000077100000 - 0x000000007721f000 	C:\Windows\system32\kernel32.dll
0x000007fefd1b0000 - 0x000007fefd21a000 	C:\Windows\system32\KERNELBASE.dll
0x000007fefe400000 - 0x000007fefe4db000 	C:\Windows\system32\ADVAPI32.dll
0x000007fefe5c0000 - 0x000007fefe65f000 	C:\Windows\system32\msvcrt.dll
0x000007fefddb0000 - 0x000007fefddcf000 	C:\Windows\SYSTEM32\sechost.dll
0x000007fefddd0000 - 0x000007fefdefd000 	C:\Windows\system32\RPCRT4.dll
0x0000000077220000 - 0x000000007731a000 	C:\Windows\system32\USER32.dll
0x000007fefd460000 - 0x000007fefd4c7000 	C:\Windows\system32\GDI32.dll
0x000007fefe5b0000 - 0x000007fefe5be000 	C:\Windows\system32\LPK.dll
0x000007fefe4e0000 - 0x000007fefe5aa000 	C:\Windows\system32\USP10.dll
0x000007fefa9b0000 - 0x000007fefaba4000 	C:\Windows\WinSxS\amd64_microsoft.windows.common-controls_6595b64144ccf1df_6.0.7601.18837_none_fa3b1e3d17594757\COMCTL32.dll
0x000007fefe2e0000 - 0x000007fefe351000 	C:\Windows\system32\SHLWAPI.dll
0x000007fefe020000 - 0x000007fefe04e000 	C:\Windows\system32\IMM32.DLL
0x000007fefe6b0000 - 0x000007fefe7b9000 	C:\Windows\system32\MSCTF.dll
0x000007fefcfd0000 - 0x000007fefd001000 	C:\Windows\system32\nvinitx.dll
0x000007fefcfc0000 - 0x000007fefcfcc000 	C:\Windows\system32\VERSION.dll
0x000000000f000000 - 0x000000000f006000 	C:\Program Files\NVIDIA Corporation\CoProcManager\detoured.dll
0x000007fef92d0000 - 0x000007fef9301000 	C:\Program Files\NVIDIA Corporation\CoProcManager\nvd3d9wrapx.dll
0x000007fefdb60000 - 0x000007fefdd37000 	C:\Windows\system32\SETUPAPI.dll
0x000007fefd250000 - 0x000007fefd286000 	C:\Windows\system32\CFGMGR32.dll
0x000007feff550000 - 0x000007feff628000 	C:\Windows\system32\OLEAUT32.dll
0x000007fefd7c0000 - 0x000007fefd9c3000 	C:\Windows\system32\ole32.dll
0x000007fefd0f0000 - 0x000007fefd10a000 	C:\Windows\system32\DEVOBJ.dll
0x000007fef8f40000 - 0x000007fef8f62000 	C:\Program Files\NVIDIA Corporation\CoProcManager\nvdxgiwrapx.dll
0x0000000077a70000 - 0x0000000077b42000 	D:\jdkk\jre\bin\msvcr100.dll
0x0000000056930000 - 0x0000000057105000 	D:\jdkk\jre\bin\server\jvm.dll
0x000007fef68f0000 - 0x000007fef68f9000 	C:\Windows\system32\WSOCK32.dll
0x000007fefe660000 - 0x000007fefe6ad000 	C:\Windows\system32\WS2_32.dll
0x000007fefdd40000 - 0x000007fefdd48000 	C:\Windows\system32\NSI.dll
0x000007fefa510000 - 0x000007fefa54b000 	C:\Windows\system32\WINMM.dll
0x00000000774e0000 - 0x00000000774e7000 	C:\Windows\system32\PSAPI.DLL
0x0000000056840000 - 0x000000005684f000 	D:\jdkk\jre\bin\verify.dll
0x0000000056810000 - 0x0000000056838000 	D:\jdkk\jre\bin\java.dll
0x00000000567f0000 - 0x0000000056805000 	D:\jdkk\jre\bin\zip.dll

VM Arguments:
jvm_args: -Djava.awt.headless=true -Xmx1024M -Dfile.encoding=GBK -Duser.country=CN -Duser.language=zh -Duser.variant 
java_command: com.android.dx.command.Main --dex --num-threads=4 --output E:\AndroidProjectDemo2\NewLearn\amingnet\build\intermediates\pre-dexed\debug\debug_ee4732039e65523323ff98a54b8dda71ae674fec.jar E:\AndroidProjectDemo2\NewLearn\amingnet\build\intermediates\classes\debug
Launcher Type: SUN_STANDARD

Environment Variables:
JAVA_HOME=D:\jdkk
CLASSPATH=.;D:\jdkk\lib;
PATH=D:\jdkk\bin;;C:\Windows\system32
USERNAME=wenming
OS=Windows_NT
PROCESSOR_IDENTIFIER=Intel64 Family 6 Model 60 Stepping 3, GenuineIntel



---------------  S Y S T E M  ---------------

OS: Windows 7 , 64 bit Build 7601 Service Pack 1

CPU:total 8 (4 cores per cpu, 2 threads per core) family 6 model 60 stepping 3, cmov, cx8, fxsr, mmx, sse, sse2, sse3, ssse3, sse4.1, sse4.2, popcnt, avx, avx2, aes, erms, ht, tsc, tscinvbit

Memory: 4k page, physical 12467252k(2274796k free), swap 13694192k(5104k free)

vm_info: Java HotSpot(TM) 64-Bit Server VM (24.79-b02) for windows-amd64 JRE (1.7.0_79-b15), built on Apr 10 2015 12:36:16 by "java_re" with unknown MS VC++:1600

time: Tue Jun 21 15:29:06 2016
elapsed time: 0 seconds

