#
# There is insufficient memory for the Java Runtime Environment to continue.
# Native memory allocation (malloc) failed to allocate 32744 bytes for ChunkPool::allocate
# Possible reasons:
#   The system is out of physical RAM or swap space
#   In 32 bit mode, the process size limit was hit
# Possible solutions:
#   Reduce memory load on the system
#   Increase physical memory or swap space
#   Check if swap backing store is full
#   Use 64 bit Java on a 64 bit OS
#   Decrease Java heap size (-Xmx/-Xms)
#   Decrease number of Java threads
#   Decrease Java thread stack sizes (-Xss)
#   Set larger code cache with -XX:ReservedCodeCacheSize=
# This output file may be truncated or incomplete.
#
#  Out of Memory Error (allocation.cpp:211), pid=15580, tid=14400
#
# JRE version: Java(TM) SE Runtime Environment (7.0_79-b15) (build 1.7.0_79-b15)
# Java VM: Java HotSpot(TM) 64-Bit Server VM (24.79-b02 mixed mode windows-amd64 compressed oops)
# Failed to write core dump. Minidumps are not enabled by default on client versions of Windows
#

---------------  T H R E A D  ---------------

Current thread (0x000000000894b800):  JavaThread "C2 CompilerThread1" daemon [_thread_in_native, id=14400, stack(0x000000000b570000,0x000000000b670000)]

Stack: [0x000000000b570000,0x000000000b670000]
[error occurred during error reporting (printing stack bounds), id 0xc0000005]


[error occurred during error reporting (printing native stack), id 0xc0000005]


Current CompileTask:
C2:   1287   92             com.android.dx.rop.code.RopMethod::calcPredecessors (227 bytes)


---------------  P R O C E S S  ---------------

Java Threads: ( => current thread )
  0x0000000009d4d000 JavaThread "pool-1-thread-4" [_thread_in_Java, id=15796, stack(0x000000000c150000,0x000000000c250000)]
  0x0000000009cfa000 JavaThread "pool-1-thread-3" [_thread_in_Java, id=16292, stack(0x000000000bea0000,0x000000000bfa0000)]
  0x0000000009cf9800 JavaThread "pool-1-thread-2" [_thread_in_Java, id=13748, stack(0x000000000bcb0000,0x000000000bdb0000)]
  0x0000000009cd8800 JavaThread "pool-2-thread-1" [_thread_blocked, id=16196, stack(0x000000000bb00000,0x000000000bc00000)]
  0x0000000009cc6000 JavaThread "pool-1-thread-1" [_thread_in_Java, id=15624, stack(0x000000000b8a0000,0x000000000b9a0000)]
  0x0000000009b0b000 JavaThread "Service Thread" daemon [_thread_blocked, id=15532, stack(0x000000000b720000,0x000000000b820000)]
=>0x000000000894b800 JavaThread "C2 CompilerThread1" daemon [_thread_in_native, id=14400, stack(0x000000000b570000,0x000000000b670000)]
  0x0000000008947000 JavaThread "C2 CompilerThread0" daemon [_thread_in_native, id=16268, stack(0x000000000b430000,0x000000000b530000)]
  0x0000000009b05800 JavaThread "Attach Listener" daemon [_thread_blocked, id=14756, stack(0x000000000b2a0000,0x000000000b3a0000)]
  0x0000000009b04000 JavaThread "Signal Dispatcher" daemon [_thread_blocked, id=2784, stack(0x000000000afc0000,0x000000000b0c0000)]
  0x0000000008931000 JavaThread "Finalizer" daemon [_thread_blocked, id=16052, stack(0x000000000adf0000,0x000000000aef0000)]
  0x00000000021e6800 JavaThread "Reference Handler" daemon [_thread_blocked, id=9120, stack(0x000000000ac30000,0x000000000ad30000)]
  0x00000000020ee000 JavaThread "main" [_thread_in_Java, id=15544, stack(0x00000000023a0000,0x00000000024a0000)]

Other Threads:
  0x000000000892e000 VMThread [stack: 0x000000000ab00000,0x000000000ac00000] [id=13156]
  0x0000000009b10000 WatcherThread [stack: 0x000000000b190000,0x000000000b290000] [id=16092]

VM state:not at safepoint (normal execution)

VM Mutex/Monitor currently owned by a thread: None

Heap
 PSYoungGen      total 57344K, used 22867K [0x00000000eaa80000, 0x00000000eea00000, 0x0000000100000000)
  eden space 49664K, 46% used [0x00000000eaa80000,0x00000000ec0d4fd0,0x00000000edb00000)
  from space 7680K, 0% used [0x00000000ee280000,0x00000000ee280000,0x00000000eea00000)
  to   space 7680K, 0% used [0x00000000edb00000,0x00000000edb00000,0x00000000ee280000)
 ParOldGen       total 129536K, used 0K [0x00000000c0000000, 0x00000000c7e80000, 0x00000000eaa80000)
  object space 129536K, 0% used [0x00000000c0000000,0x00000000c0000000,0x00000000c7e80000)
 PSPermGen       total 21504K, used 5687K [0x00000000bae00000, 0x00000000bc300000, 0x00000000c0000000)
  object space 21504K, 26% used [0x00000000bae00000,0x00000000bb38dfd8,0x00000000bc300000)

Card table byte_map: [0x00000000054a0000,0x00000000056d0000] byte_map_base: 0x0000000004ec9000

Polling page: 0x00000000000e0000

Code Cache  [0x00000000024a0000, 0x0000000002710000, 0x00000000054a0000)
 total_blobs=331 nmethods=92 adapters=191 free_code_cache=48627Kb largest_free_block=49774848

Compilation events (10 events):
Event: 1.264 Thread 0x0000000008947000 nmethod 84 0x0000000002522d90 code [0x0000000002522ee0, 0x0000000002523048]
Event: 1.265 Thread 0x0000000008947000   88             java.util.ArrayList$Itr::<init> (6 bytes)
Event: 1.265 Thread 0x0000000008947000 nmethod 88 0x0000000002520410 code [0x0000000002520540, 0x00000000025205b8]
Event: 1.265 Thread 0x0000000008947000   89             java.util.ArrayList::iterator (10 bytes)
Event: 1.266 Thread 0x000000000894b800 nmethod 87 0x0000000002522b50 code [0x0000000002522c80, 0x0000000002522cf8]
Event: 1.266 Thread 0x000000000894b800   90             com.android.dx.rop.code.BasicBlockList::get (9 bytes)
Event: 1.267 Thread 0x0000000008947000 nmethod 89 0x0000000002522890 code [0x00000000025229e0, 0x0000000002522a98]
Event: 1.267 Thread 0x0000000008947000   91             com.android.dx.ssa.SsaRenamer$BlockRenamer::addMapping (143 bytes)
Event: 1.268 Thread 0x000000000894b800 nmethod 90 0x0000000002522550 code [0x00000000025226a0, 0x0000000002522758]
Event: 1.270 Thread 0x000000000894b800   92             com.android.dx.rop.code.RopMethod::calcPredecessors (227 bytes)

GC Heap History (0 events):
No events

Deoptimization events (0 events):
No events

Internal exceptions (10 events):
Event: 1.063 Thread 0x0000000009cf9800 Threw 0x00000000ebb8f8b8 at C:\re\jdk7u79\2331\hotspot\src\share\vm\prims\jvm.cpp:1304
Event: 1.064 Thread 0x0000000009cf9800 Threw 0x00000000ebb955e8 at C:\re\jdk7u79\2331\hotspot\src\share\vm\prims\jvm.cpp:1304
Event: 1.066 Thread 0x0000000009cf9800 Threw 0x00000000ebb999b0 at C:\re\jdk7u79\2331\hotspot\src\share\vm\prims\jvm.cpp:1304
Event: 1.067 Thread 0x0000000009cf9800 Threw 0x00000000ebb9eb60 at C:\re\jdk7u79\2331\hotspot\src\share\vm\prims\jvm.cpp:1304
Event: 1.068 Thread 0x0000000009cf9800 Threw 0x00000000ebba40e0 at C:\re\jdk7u79\2331\hotspot\src\share\vm\prims\jvm.cpp:1304
Event: 1.070 Thread 0x0000000009cf9800 Threw 0x00000000ebba93c8 at C:\re\jdk7u79\2331\hotspot\src\share\vm\prims\jvm.cpp:1304
Event: 1.091 Thread 0x00000000020ee000 Threw 0x00000000eba7e088 at C:\re\jdk7u79\2331\hotspot\src\share\vm\prims\jvm.cpp:1304
Event: 1.201 Thread 0x0000000009cf9800 Threw 0x00000000ebc39120 at C:\re\jdk7u79\2331\hotspot\src\share\vm\prims\jvm.cpp:1304
Event: 1.213 Thread 0x0000000009d4d000 Threw 0x00000000eb7bd2b8 at C:\re\jdk7u79\2331\hotspot\src\share\vm\prims\jvm.cpp:1304
Event: 1.232 Thread 0x0000000009cc6000 Threw 0x00000000ebd30588 at C:\re\jdk7u79\2331\hotspot\src\share\vm\prims\jvm.cpp:1304

Events (10 events):
Event: 1.212 loading class 0x0000000009cc3ff0
Event: 1.212 loading class 0x0000000009cc3ff0 done
Event: 1.232 loading class 0x0000000009cff3e0
Event: 1.232 loading class 0x0000000009cff3e0 done
Event: 1.238 loading class 0x0000000008783bc0
Event: 1.238 loading class 0x0000000008783bc0 done
Event: 1.238 loading class 0x0000000008783b90
Event: 1.238 loading class 0x0000000008783b90 done
Event: 1.258 loading class 0x000000000877f590
Event: 1.258 loading class 0x000000000877f590 done


Dynamic libraries:
0x000000013f830000 - 0x000000013f863000 	D:\jdkk\bin\java.exe
0x0000000077320000 - 0x00000000774ca000 	C:\Windows\SYSTEM32\ntdll.dll
0x0000000077100000 - 0x000000007721f000 	C:\Windows\system32\kernel32.dll
0x000007fefd1b0000 - 0x000007fefd21a000 	C:\Windows\system32\KERNELBASE.dll
0x000007fefe400000 - 0x000007fefe4db000 	C:\Windows\system32\ADVAPI32.dll
0x000007fefe5c0000 - 0x000007fefe65f000 	C:\Windows\system32\msvcrt.dll
0x000007fefddb0000 - 0x000007fefddcf000 	C:\Windows\SYSTEM32\sechost.dll
0x000007fefddd0000 - 0x000007fefdefd000 	C:\Windows\system32\RPCRT4.dll
0x0000000077220000 - 0x000000007731a000 	C:\Windows\system32\USER32.dll
0x000007fefd460000 - 0x000007fefd4c7000 	C:\Windows\system32\GDI32.dll
0x000007fefe5b0000 - 0x000007fefe5be000 	C:\Windows\system32\LPK.dll
0x000007fefe4e0000 - 0x000007fefe5aa000 	C:\Windows\system32\USP10.dll
0x000007fefa9b0000 - 0x000007fefaba4000 	C:\Windows\WinSxS\amd64_microsoft.windows.common-controls_6595b64144ccf1df_6.0.7601.18837_none_fa3b1e3d17594757\COMCTL32.dll
0x000007fefe2e0000 - 0x000007fefe351000 	C:\Windows\system32\SHLWAPI.dll
0x000007fefe020000 - 0x000007fefe04e000 	C:\Windows\system32\IMM32.DLL
0x000007fefe6b0000 - 0x000007fefe7b9000 	C:\Windows\system32\MSCTF.dll
0x000007fefcfd0000 - 0x000007fefd001000 	C:\Windows\system32\nvinitx.dll
0x000007fefcfc0000 - 0x000007fefcfcc000 	C:\Windows\system32\VERSION.dll
0x000000000f000000 - 0x000000000f006000 	C:\Program Files\NVIDIA Corporation\CoProcManager\detoured.dll
0x000007fef92d0000 - 0x000007fef9301000 	C:\Program Files\NVIDIA Corporation\CoProcManager\nvd3d9wrapx.dll
0x000007fefdb60000 - 0x000007fefdd37000 	C:\Windows\system32\SETUPAPI.dll
0x000007fefd250000 - 0x000007fefd286000 	C:\Windows\system32\CFGMGR32.dll
0x000007feff550000 - 0x000007feff628000 	C:\Windows\system32\OLEAUT32.dll
0x000007fefd7c0000 - 0x000007fefd9c3000 	C:\Windows\system32\ole32.dll
0x000007fefd0f0000 - 0x000007fefd10a000 	C:\Windows\system32\DEVOBJ.dll
0x000007fef8f40000 - 0x000007fef8f62000 	C:\Program Files\NVIDIA Corporation\CoProcManager\nvdxgiwrapx.dll
0x0000000077a70000 - 0x0000000077b42000 	D:\jdkk\jre\bin\msvcr100.dll
0x0000000056930000 - 0x0000000057105000 	D:\jdkk\jre\bin\server\jvm.dll
0x000007fef68f0000 - 0x000007fef68f9000 	C:\Windows\system32\WSOCK32.dll
0x000007fefe660000 - 0x000007fefe6ad000 	C:\Windows\system32\WS2_32.dll
0x000007fefdd40000 - 0x000007fefdd48000 	C:\Windows\system32\NSI.dll
0x000007fefa510000 - 0x000007fefa54b000 	C:\Windows\system32\WINMM.dll
0x00000000774e0000 - 0x00000000774e7000 	C:\Windows\system32\PSAPI.DLL
0x0000000056840000 - 0x000000005684f000 	D:\jdkk\jre\bin\verify.dll
0x0000000056810000 - 0x0000000056838000 	D:\jdkk\jre\bin\java.dll
0x00000000567f0000 - 0x0000000056805000 	D:\jdkk\jre\bin\zip.dll
0x00000000567d0000 - 0x00000000567ea000 	D:\jdkk\jre\bin\net.dll
0x000007fefc830000 - 0x000007fefc885000 	C:\Windows\system32\mswsock.dll
0x000007fefc820000 - 0x000007fefc827000 	C:\Windows\System32\wship6.dll
0x00000000567b0000 - 0x00000000567c1000 	D:\jdkk\jre\bin\nio.dll

VM Arguments:
jvm_args: -Djava.awt.headless=true -Xmx1024M -Dfile.encoding=GBK -Duser.country=CN -Duser.language=zh -Duser.variant 
java_command: com.android.dx.command.Main --dex --num-threads=4 --output E:\AndroidProjectDemo2\NewLearn\amingnet\build\intermediates\pre-dexed\debug\com.android.support-appcompat-v7-23.2.0_b275afb2d4e627097437628e5ea05a25335ed092.jar E:\AndroidProjectDemo2\NewLearn\amingnet\build\intermediates\exploded-aar\com.android.support\appcompat-v7\23.2.0\jars\classes.jar
Launcher Type: SUN_STANDARD

Environment Variables:
JAVA_HOME=D:\jdkk
CLASSPATH=.;D:\jdkk\lib;
PATH=D:\jdkk\bin;;C:\Windows\system32
USERNAME=wenming
OS=Windows_NT
PROCESSOR_IDENTIFIER=Intel64 Family 6 Model 60 Stepping 3, GenuineIntel



---------------  S Y S T E M  ---------------

OS: Windows 7 , 64 bit Build 7601 Service Pack 1

CPU:total 8 (4 cores per cpu, 2 threads per core) family 6 model 60 stepping 3, cmov, cx8, fxsr, mmx, sse, sse2, sse3, ssse3, sse4.1, sse4.2, popcnt, avx, avx2, aes, erms, ht, tsc, tscinvbit

Memory: 4k page, physical 12467252k(2255832k free), swap 13694192k(5228k free)

vm_info: Java HotSpot(TM) 64-Bit Server VM (24.79-b02) for windows-amd64 JRE (1.7.0_79-b15), built on Apr 10 2015 12:36:16 by "java_re" with unknown MS VC++:1600

time: Tue Jun 21 15:29:06 2016
elapsed time: 1 seconds

