#
# There is insufficient memory for the Java Runtime Environment to continue.
# Native memory allocation (malloc) failed to allocate 262160 bytes for Chunk::new
# Possible reasons:
#   The system is out of physical RAM or swap space
#   In 32 bit mode, the process size limit was hit
# Possible solutions:
#   Reduce memory load on the system
#   Increase physical memory or swap space
#   Check if swap backing store is full
#   Use 64 bit Java on a 64 bit OS
#   Decrease Java heap size (-Xmx/-Xms)
#   Decrease number of Java threads
#   Decrease Java thread stack sizes (-Xss)
#   Set larger code cache with -XX:ReservedCodeCacheSize=
# This output file may be truncated or incomplete.
#
#  Out of Memory Error (allocation.cpp:323), pid=14484, tid=15648
#
# JRE version: Java(TM) SE Runtime Environment (7.0_79-b15) (build 1.7.0_79-b15)
# Java VM: Java HotSpot(TM) 64-Bit Server VM (24.79-b02 mixed mode windows-amd64 compressed oops)
# Failed to write core dump. Minidumps are not enabled by default on client versions of Windows
#

---------------  T H R E A D  ---------------

Current thread (0x0000000009e1e800):  JavaThread "C2 CompilerThread0" daemon [_thread_in_native, id=15648, stack(0x000000000b410000,0x000000000b510000)]

Stack: [0x000000000b410000,0x000000000b510000]
[error occurred during error reporting (printing stack bounds), id 0xc0000005]


Current CompileTask:
C2:   3159  221             com.android.dx.ssa.SCCP::run (298 bytes)


---------------  P R O C E S S  ---------------

Java Threads: ( => current thread )
  0x000000000a15e000 JavaThread "pool-1-thread-4" [_thread_in_Java, id=16028, stack(0x000000000b2f0000,0x000000000b3f0000)]
  0x000000000a07a000 JavaThread "pool-1-thread-3" [_thread_blocked, id=16148, stack(0x000000000bde0000,0x000000000bee0000)]
  0x000000000a0a7000 JavaThread "pool-1-thread-2" [_thread_in_vm, id=16044, stack(0x000000000bc90000,0x000000000bd90000)]
  0x000000000a0a4000 JavaThread "pool-2-thread-1" [_thread_blocked, id=10040, stack(0x000000000ad50000,0x000000000ae50000)]
  0x0000000009fbc000 JavaThread "pool-1-thread-1" [_thread_blocked, id=908, stack(0x000000000ba50000,0x000000000bb50000)]
  0x0000000009e28800 JavaThread "Service Thread" daemon [_thread_blocked, id=14684, stack(0x000000000b730000,0x000000000b830000)]
  0x0000000008c5b000 JavaThread "C2 CompilerThread1" daemon [_thread_in_native, id=9024, stack(0x000000000b5b0000,0x000000000b6b0000)]
=>0x0000000009e1e800 JavaThread "C2 CompilerThread0" daemon [_thread_in_native, id=15648, stack(0x000000000b410000,0x000000000b510000)]
  0x0000000009e1d800 JavaThread "Attach Listener" daemon [_thread_blocked, id=16104, stack(0x000000000b1e0000,0x000000000b2e0000)]
  0x0000000009e1c000 JavaThread "Signal Dispatcher" daemon [_thread_blocked, id=15396, stack(0x000000000b070000,0x000000000b170000)]
  0x0000000008c40800 JavaThread "Finalizer" daemon [_thread_blocked, id=14948, stack(0x000000000af70000,0x000000000b070000)]
  0x0000000002279800 JavaThread "Reference Handler" daemon [_thread_blocked, id=15696, stack(0x000000000ae70000,0x000000000af70000)]
  0x00000000022ae000 JavaThread "main" [_thread_blocked, id=14848, stack(0x00000000024a0000,0x00000000025a0000)]

Other Threads:
  0x0000000008c3e000 VMThread [stack: 0x0000000005b30000,0x0000000005c30000] [id=14524]
  0x0000000009e31800 WatcherThread [stack: 0x000000000b8f0000,0x000000000b9f0000] [id=15520]

VM state:not at safepoint (normal execution)

VM Mutex/Monitor currently owned by a thread: None

Heap
 PSYoungGen      total 57344K, used 29721K [0x00000000eaa80000, 0x00000000eea00000, 0x0000000100000000)
  eden space 49664K, 44% used [0x00000000eaa80000,0x00000000ec00c490,0x00000000edb00000)
  from space 7680K, 99% used [0x00000000edb00000,0x00000000ee27a098,0x00000000ee280000)
  to   space 7680K, 0% used [0x00000000ee280000,0x00000000ee280000,0x00000000eea00000)
 ParOldGen       total 129536K, used 487K [0x00000000c0000000, 0x00000000c7e80000, 0x00000000eaa80000)
  object space 129536K, 0% used [0x00000000c0000000,0x00000000c0079cb8,0x00000000c7e80000)
 PSPermGen       total 21504K, used 5962K [0x00000000bae00000, 0x00000000bc300000, 0x00000000c0000000)
  object space 21504K, 27% used [0x00000000bae00000,0x00000000bb3d29e0,0x00000000bc300000)

Card table byte_map: [0x00000000055a0000,0x00000000057d0000] byte_map_base: 0x0000000004fc9000

Polling page: 0x0000000000250000

Code Cache  [0x00000000025a0000, 0x0000000002810000, 0x00000000055a0000)
 total_blobs=461 nmethods=222 adapters=191 free_code_cache=48264Kb largest_free_block=49392128

Compilation events (10 events):
Event: 3.018 Thread 0x0000000008c5b000 nmethod 216 0x0000000002657390 code [0x00000000026574e0, 0x0000000002657558]
Event: 3.018 Thread 0x0000000008c5b000  217             com.android.dx.ssa.SCCP::simulateBranch (666 bytes)
Event: 3.029 Thread 0x0000000009e1e800 nmethod 193 0x000000000267d210 code [0x000000000267d5e0, 0x000000000267ff28]
Event: 3.029 Thread 0x0000000009e1e800  218             com.android.dx.rop.cst.CstString::compareTo0 (15 bytes)
Event: 3.031 Thread 0x0000000009e1e800 nmethod 218 0x000000000266d150 code [0x000000000266d2a0, 0x000000000266d458]
Event: 3.031 Thread 0x0000000009e1e800  219             java.util.TreeMap::getEntry (84 bytes)
Event: 3.034 Thread 0x0000000009e1e800 nmethod 219 0x000000000266cd90 code [0x000000000266cee0, 0x000000000266d018]
Event: 3.034 Thread 0x0000000009e1e800  220             com.android.dx.ssa.DeadCodeRemover::pruneDeadInstructions (246 bytes)
Event: 3.065 Thread 0x0000000009e1e800 nmethod 220 0x00000000026798d0 code [0x0000000002679b00, 0x000000000267a340]
Event: 3.065 Thread 0x0000000009e1e800  221             com.android.dx.ssa.SCCP::run (298 bytes)

GC Heap History (2 events):
Event: 2.009 GC heap before
{Heap before GC invocations=1 (full 0):
 PSYoungGen      total 57344K, used 49664K [0x00000000eaa80000, 0x00000000eea00000, 0x0000000100000000)
  eden space 49664K, 100% used [0x00000000eaa80000,0x00000000edb00000,0x00000000edb00000)
  from space 7680K, 0% used [0x00000000ee280000,0x00000000ee280000,0x00000000eea00000)
  to   space 7680K, 0% used [0x00000000edb00000,0x00000000edb00000,0x00000000ee280000)
 ParOldGen       total 129536K, used 0K [0x00000000c0000000, 0x00000000c7e80000, 0x00000000eaa80000)
  object space 129536K, 0% used [0x00000000c0000000,0x00000000c0000000,0x00000000c7e80000)
 PSPermGen       total 21504K, used 5923K [0x00000000bae00000, 0x00000000bc300000, 0x00000000c0000000)
  object space 21504K, 27% used [0x00000000bae00000,0x00000000bb3c8ea0,0x00000000bc300000)
Event: 2.409 GC heap after
Heap after GC invocations=1 (full 0):
 PSYoungGen      total 57344K, used 7656K [0x00000000eaa80000, 0x00000000eea00000, 0x0000000100000000)
  eden space 49664K, 0% used [0x00000000eaa80000,0x00000000eaa80000,0x00000000edb00000)
  from space 7680K, 99% used [0x00000000edb00000,0x00000000ee27a098,0x00000000ee280000)
  to   space 7680K, 0% used [0x00000000ee280000,0x00000000ee280000,0x00000000eea00000)
 ParOldGen       total 129536K, used 487K [0x00000000c0000000, 0x00000000c7e80000, 0x00000000eaa80000)
  object space 129536K, 0% used [0x00000000c0000000,0x00000000c0079cb8,0x00000000c7e80000)
 PSPermGen       total 21504K, used 5923K [0x00000000bae00000, 0x00000000bc300000, 0x00000000c0000000)
  object space 21504K, 27% used [0x00000000bae00000,0x00000000bb3c8ea0,0x00000000bc300000)
}

Deoptimization events (2 events):
Event: 1.462 Thread 0x000000000a0a7000 Uncommon trap: reason=null_check action=make_not_entrant pc=0x00000000026343d4 method=com.android.dx.rop.type.Type.equals(Ljava/lang/Object;)Z @ 8
Event: 2.926 Thread 0x00000000022ae000 Uncommon trap: reason=class_check action=maybe_recompile pc=0x00000000026564e8 method=java.util.HashMap.put(Ljava/lang/Object;Ljava/lang/Object;)Ljava/lang/Object; @ 83

Internal exceptions (10 events):
Event: 1.602 Thread 0x00000000022ae000 Threw 0x00000000ed09e270 at C:\re\jdk7u79\2331\hotspot\src\share\vm\prims\jvm.cpp:1304
Event: 1.604 Thread 0x00000000022ae000 Threw 0x00000000ed0a7f18 at C:\re\jdk7u79\2331\hotspot\src\share\vm\prims\jvm.cpp:1304
Event: 1.605 Thread 0x00000000022ae000 Threw 0x00000000ed0aa2d8 at C:\re\jdk7u79\2331\hotspot\src\share\vm\prims\jvm.cpp:1304
Event: 1.610 Thread 0x00000000022ae000 Threw 0x00000000ed0be440 at C:\re\jdk7u79\2331\hotspot\src\share\vm\prims\jvm.cpp:1304
Event: 1.612 Thread 0x00000000022ae000 Threw 0x00000000ed0c3bc0 at C:\re\jdk7u79\2331\hotspot\src\share\vm\prims\jvm.cpp:1304
Event: 1.613 Thread 0x00000000022ae000 Threw 0x00000000ed0c90a8 at C:\re\jdk7u79\2331\hotspot\src\share\vm\prims\jvm.cpp:1304
Event: 1.646 Thread 0x00000000022ae000 Threw 0x00000000ed108420 at C:\re\jdk7u79\2331\hotspot\src\share\vm\prims\jvm.cpp:1304
Event: 1.901 Thread 0x00000000022ae000 Threw 0x00000000ed7ff170 at C:\re\jdk7u79\2331\hotspot\src\share\vm\prims\jvm.cpp:1304
Event: 1.901 Thread 0x00000000022ae000 Threw 0x00000000ed801300 at C:\re\jdk7u79\2331\hotspot\src\share\vm\prims\jvm.cpp:1304
Event: 2.586 Thread 0x00000000022ae000 Threw 0x00000000ead40b60 at C:\re\jdk7u79\2331\hotspot\src\share\vm\prims\jvm.cpp:1304

Events (10 events):
Event: 1.901 loading class 0x0000000009e44280 done
Event: 1.901 loading class 0x000000000a0df130
Event: 1.901 loading class 0x000000000a0df130 done
Event: 1.978 Executing VM operation: ParallelGCFailedAllocation
Event: 2.409 Executing VM operation: ParallelGCFailedAllocation done
Event: 2.586 loading class 0x0000000009fbf280
Event: 2.586 loading class 0x0000000009fbf280 done
Event: 2.926 Thread 0x00000000022ae000 Uncommon trap: trap_request=0xffffffde fr.pc=0x00000000026564e8
Event: 2.926 Thread 0x00000000022ae000 DEOPT PACKING pc=0x00000000026564e8 sp=0x000000000259e1b0
Event: 2.926 Thread 0x00000000022ae000 DEOPT UNPACKING pc=0x00000000025d75a4 sp=0x000000000259e158 mode 2


Dynamic libraries:
0x000000013f830000 - 0x000000013f863000 	D:\jdkk\bin\java.exe
0x0000000077320000 - 0x00000000774ca000 	C:\Windows\SYSTEM32\ntdll.dll
0x0000000077100000 - 0x000000007721f000 	C:\Windows\system32\kernel32.dll
0x000007fefd1b0000 - 0x000007fefd21a000 	C:\Windows\system32\KERNELBASE.dll
0x000007fefe400000 - 0x000007fefe4db000 	C:\Windows\system32\ADVAPI32.dll
0x000007fefe5c0000 - 0x000007fefe65f000 	C:\Windows\system32\msvcrt.dll
0x000007fefddb0000 - 0x000007fefddcf000 	C:\Windows\SYSTEM32\sechost.dll
0x000007fefddd0000 - 0x000007fefdefd000 	C:\Windows\system32\RPCRT4.dll
0x0000000077220000 - 0x000000007731a000 	C:\Windows\system32\USER32.dll
0x000007fefd460000 - 0x000007fefd4c7000 	C:\Windows\system32\GDI32.dll
0x000007fefe5b0000 - 0x000007fefe5be000 	C:\Windows\system32\LPK.dll
0x000007fefe4e0000 - 0x000007fefe5aa000 	C:\Windows\system32\USP10.dll
0x000007fefa9b0000 - 0x000007fefaba4000 	C:\Windows\WinSxS\amd64_microsoft.windows.common-controls_6595b64144ccf1df_6.0.7601.18837_none_fa3b1e3d17594757\COMCTL32.dll
0x000007fefe2e0000 - 0x000007fefe351000 	C:\Windows\system32\SHLWAPI.dll
0x000007fefe020000 - 0x000007fefe04e000 	C:\Windows\system32\IMM32.DLL
0x000007fefe6b0000 - 0x000007fefe7b9000 	C:\Windows\system32\MSCTF.dll
0x000007fefcfd0000 - 0x000007fefd001000 	C:\Windows\system32\nvinitx.dll
0x000007fefcfc0000 - 0x000007fefcfcc000 	C:\Windows\system32\VERSION.dll
0x000000000f000000 - 0x000000000f006000 	C:\Program Files\NVIDIA Corporation\CoProcManager\detoured.dll
0x000007fef92d0000 - 0x000007fef9301000 	C:\Program Files\NVIDIA Corporation\CoProcManager\nvd3d9wrapx.dll
0x000007fefdb60000 - 0x000007fefdd37000 	C:\Windows\system32\SETUPAPI.dll
0x000007fefd250000 - 0x000007fefd286000 	C:\Windows\system32\CFGMGR32.dll
0x000007feff550000 - 0x000007feff628000 	C:\Windows\system32\OLEAUT32.dll
0x000007fefd7c0000 - 0x000007fefd9c3000 	C:\Windows\system32\ole32.dll
0x000007fefd0f0000 - 0x000007fefd10a000 	C:\Windows\system32\DEVOBJ.dll
0x000007fef8f40000 - 0x000007fef8f62000 	C:\Program Files\NVIDIA Corporation\CoProcManager\nvdxgiwrapx.dll
0x0000000077a70000 - 0x0000000077b42000 	D:\jdkk\jre\bin\msvcr100.dll
0x0000000056930000 - 0x0000000057105000 	D:\jdkk\jre\bin\server\jvm.dll
0x000007fef68f0000 - 0x000007fef68f9000 	C:\Windows\system32\WSOCK32.dll
0x000007fefe660000 - 0x000007fefe6ad000 	C:\Windows\system32\WS2_32.dll
0x000007fefdd40000 - 0x000007fefdd48000 	C:\Windows\system32\NSI.dll
0x000007fefa510000 - 0x000007fefa54b000 	C:\Windows\system32\WINMM.dll
0x00000000774e0000 - 0x00000000774e7000 	C:\Windows\system32\PSAPI.DLL
0x0000000056840000 - 0x000000005684f000 	D:\jdkk\jre\bin\verify.dll
0x0000000056810000 - 0x0000000056838000 	D:\jdkk\jre\bin\java.dll
0x00000000567f0000 - 0x0000000056805000 	D:\jdkk\jre\bin\zip.dll
0x00000000567d0000 - 0x00000000567ea000 	D:\jdkk\jre\bin\net.dll
0x000007fefc830000 - 0x000007fefc885000 	C:\Windows\system32\mswsock.dll
0x000007fefc820000 - 0x000007fefc827000 	C:\Windows\System32\wship6.dll
0x00000000567b0000 - 0x00000000567c1000 	D:\jdkk\jre\bin\nio.dll

VM Arguments:
jvm_args: -Djava.awt.headless=true -Xmx1024M -Dfile.encoding=GBK -Duser.country=CN -Duser.language=zh -Duser.variant 
java_command: com.android.dx.command.Main --dex --num-threads=4 --output E:\AndroidProjectDemo2\NewLearn\amingnet\build\intermediates\pre-dexed\debug\internal_impl-23.2.0_35c88a5c39cc0beba7472c017c69c81fa2b0bc4a.jar E:\AndroidProjectDemo2\NewLearn\amingnet\build\intermediates\exploded-aar\com.android.support\support-v4\23.2.0\jars\libs\internal_impl-23.2.0.jar
Launcher Type: SUN_STANDARD

Environment Variables:
JAVA_HOME=D:\jdkk
CLASSPATH=.;D:\jdkk\lib;
PATH=D:\jdkk\bin;;C:\Windows\system32
USERNAME=wenming
OS=Windows_NT
PROCESSOR_IDENTIFIER=Intel64 Family 6 Model 60 Stepping 3, GenuineIntel



---------------  S Y S T E M  ---------------

OS: Windows 7 , 64 bit Build 7601 Service Pack 1

CPU:total 8 (4 cores per cpu, 2 threads per core) family 6 model 60 stepping 3, cmov, cx8, fxsr, mmx, sse, sse2, sse3, ssse3, sse4.1, sse4.2, popcnt, avx, avx2, aes, erms, ht, tsc, tscinvbit

Memory: 4k page, physical 12467252k(2306284k free), swap 13694192k(6976k free)

vm_info: Java HotSpot(TM) 64-Bit Server VM (24.79-b02) for windows-amd64 JRE (1.7.0_79-b15), built on Apr 10 2015 12:36:16 by "java_re" with unknown MS VC++:1600

time: Tue Jun 21 15:25:18 2016
elapsed time: 3 seconds

