#
# There is insufficient memory for the Java Runtime Environment to continue.
# Native memory allocation (malloc) failed to allocate 415696 bytes for Chunk::new
# Possible reasons:
#   The system is out of physical RAM or swap space
#   In 32 bit mode, the process size limit was hit
# Possible solutions:
#   Reduce memory load on the system
#   Increase physical memory or swap space
#   Check if swap backing store is full
#   Use 64 bit Java on a 64 bit OS
#   Decrease Java heap size (-Xmx/-Xms)
#   Decrease number of Java threads
#   Decrease Java thread stack sizes (-Xss)
#   Set larger code cache with -XX:ReservedCodeCacheSize=
# This output file may be truncated or incomplete.
#
#  Out of Memory Error (allocation.cpp:323), pid=12048, tid=15968
#
# JRE version: Java(TM) SE Runtime Environment (7.0_79-b15) (build 1.7.0_79-b15)
# Java VM: Java HotSpot(TM) 64-Bit Server VM (24.79-b02 mixed mode windows-amd64 compressed oops)
# Failed to write core dump. Minidumps are not enabled by default on client versions of Windows
#

---------------  T H R E A D  ---------------

Current thread (0x0000000009aa8000):  JavaThread "C2 CompilerThread1" daemon [_thread_in_native, id=15968, stack(0x000000000b380000,0x000000000b480000)]

Stack: [0x000000000b380000,0x000000000b480000]
[error occurred during error reporting (printing stack bounds), id 0xc0000005]


[error occurred during error reporting (printing native stack), id 0xc0000005]


Current CompileTask:
C2:   1951  157             com.android.dx.ssa.SsaMethod::forEachBlockDepthFirst (194 bytes)


---------------  P R O C E S S  ---------------

Java Threads: ( => current thread )
  0x0000000009da9800 JavaThread "pool-1-thread-4" [_thread_blocked, id=16000, stack(0x000000000c050000,0x000000000c150000)]
  0x0000000009cbb000 JavaThread "pool-1-thread-3" [_thread_blocked, id=16224, stack(0x000000000bf20000,0x000000000c020000)]
  0x0000000009ca7000 JavaThread "pool-1-thread-2" [_thread_blocked, id=16064, stack(0x000000000be00000,0x000000000bf00000)]
  0x0000000009ca5000 JavaThread "pool-2-thread-1" [_thread_blocked, id=16068, stack(0x000000000bb60000,0x000000000bc60000)]
  0x0000000009d78000 JavaThread "pool-1-thread-1" [_thread_blocked, id=16056, stack(0x000000000ba20000,0x000000000bb20000)]
  0x0000000009ab2800 JavaThread "Service Thread" daemon [_thread_blocked, id=15340, stack(0x000000000b570000,0x000000000b670000)]
=>0x0000000009aa8000 JavaThread "C2 CompilerThread1" daemon [_thread_in_native, id=15968, stack(0x000000000b380000,0x000000000b480000)]
  0x0000000009aa5800 JavaThread "C2 CompilerThread0" daemon [_thread_in_native, id=15376, stack(0x000000000b200000,0x000000000b300000)]
  0x0000000009aa4800 JavaThread "Attach Listener" daemon [_thread_blocked, id=15128, stack(0x000000000af40000,0x000000000b040000)]
  0x0000000008b0f000 JavaThread "Signal Dispatcher" daemon [_thread_blocked, id=15884, stack(0x000000000b080000,0x000000000b180000)]
  0x0000000008af1000 JavaThread "Finalizer" daemon [_thread_blocked, id=15308, stack(0x000000000ae30000,0x000000000af30000)]
  0x0000000002126800 JavaThread "Reference Handler" daemon [_thread_blocked, id=10916, stack(0x000000000ac30000,0x000000000ad30000)]
  0x000000000220e000 JavaThread "main" [_thread_in_Java, id=15864, stack(0x00000000023e0000,0x00000000024e0000)]

Other Threads:
  0x0000000008aee000 VMThread [stack: 0x000000000aa50000,0x000000000ab50000] [id=16232]
  0x0000000009ac3000 WatcherThread [stack: 0x000000000b840000,0x000000000b940000] [id=15384]

VM state:not at safepoint (normal execution)

VM Mutex/Monitor currently owned by a thread: None

Heap
 PSYoungGen      total 57344K, used 26851K [0x00000000eaa80000, 0x00000000eea00000, 0x0000000100000000)
  eden space 49664K, 54% used [0x00000000eaa80000,0x00000000ec4b8df8,0x00000000edb00000)
  from space 7680K, 0% used [0x00000000ee280000,0x00000000ee280000,0x00000000eea00000)
  to   space 7680K, 0% used [0x00000000edb00000,0x00000000edb00000,0x00000000ee280000)
 ParOldGen       total 129536K, used 0K [0x00000000c0000000, 0x00000000c7e80000, 0x00000000eaa80000)
  object space 129536K, 0% used [0x00000000c0000000,0x00000000c0000000,0x00000000c7e80000)
 PSPermGen       total 21504K, used 5749K [0x00000000bae00000, 0x00000000bc300000, 0x00000000c0000000)
  object space 21504K, 26% used [0x00000000bae00000,0x00000000bb39d400,0x00000000bc300000)

Card table byte_map: [0x00000000054e0000,0x0000000005710000] byte_map_base: 0x0000000004f09000

Polling page: 0x0000000000450000

Code Cache  [0x00000000024e0000, 0x0000000002750000, 0x00000000054e0000)
 total_blobs=394 nmethods=155 adapters=191 free_code_cache=48514Kb largest_free_block=49651968

Compilation events (10 events):
Event: 1.851 Thread 0x0000000009aa8000 nmethod 152 0x000000000257f410 code [0x000000000257f560, 0x000000000257f658]
Event: 1.851 Thread 0x0000000009aa8000  153             com.android.dx.rop.code.Insn::<init> (69 bytes)
Event: 1.852 Thread 0x0000000009aa8000 nmethod 153 0x000000000257f110 code [0x000000000257f240, 0x000000000257f338]
Event: 1.888 Thread 0x0000000009aa8000  154             com.android.dx.ssa.SsaInsn::getBlock (5 bytes)
Event: 1.888 Thread 0x0000000009aa8000 nmethod 154 0x000000000257ef10 code [0x000000000257f040, 0x000000000257f098]
Event: 1.893 Thread 0x0000000009aa8000  155             com.android.dx.rop.code.BasicBlockList$RegCountVisitor::visit (52 bytes)
Event: 1.901 Thread 0x0000000009aa8000 nmethod 155 0x000000000257d850 code [0x000000000257d9c0, 0x000000000257dc58]
Event: 1.901 Thread 0x0000000009aa8000  156             com.android.dx.ssa.DeadCodeRemover::access$000 (5 bytes)
Event: 1.906 Thread 0x0000000009aa8000 nmethod 156 0x000000000257e8d0 code [0x000000000257ea20, 0x000000000257ebb8]
Event: 1.906 Thread 0x0000000009aa8000  157             com.android.dx.ssa.SsaMethod::forEachBlockDepthFirst (194 bytes)

GC Heap History (0 events):
No events

Deoptimization events (1 events):
Event: 1.381 Thread 0x0000000009d78000 Uncommon trap: reason=null_check action=make_not_entrant pc=0x000000000256cd8c method=com.android.dx.rop.code.LocalItem.equals(Ljava/lang/Object;)Z @ 1

Internal exceptions (10 events):
Event: 1.030 Thread 0x0000000009cbb000 Threw 0x00000000ebaa6660 at C:\re\jdk7u79\2331\hotspot\src\share\vm\prims\jvm.cpp:1304
Event: 1.032 Thread 0x0000000009cbb000 Threw 0x00000000ebaaaa28 at C:\re\jdk7u79\2331\hotspot\src\share\vm\prims\jvm.cpp:1304
Event: 1.072 Thread 0x0000000009d78000 Threw 0x00000000eb927cb0 at C:\re\jdk7u79\2331\hotspot\src\share\vm\prims\jvm.cpp:1304
Event: 1.149 Thread 0x0000000009d78000 Threw 0x00000000eb935540 at C:\re\jdk7u79\2331\hotspot\src\share\vm\prims\jvm.cpp:1304
Event: 1.381 Thread 0x0000000009d78000 Implicit null exception at 0x000000000256c9aa to 0x000000000256cd79
Event: 1.419 Thread 0x000000000220e000 Threw 0x00000000ebff6600 at C:\re\jdk7u79\2331\hotspot\src\share\vm\prims\jvm.cpp:1304
Event: 1.497 Thread 0x000000000220e000 Threw 0x00000000ec01dbd8 at C:\re\jdk7u79\2331\hotspot\src\share\vm\prims\jvm.cpp:1304
Event: 1.510 Thread 0x000000000220e000 Threw 0x00000000ec04e2f8 at C:\re\jdk7u79\2331\hotspot\src\share\vm\prims\jvm.cpp:1304
Event: 1.511 Thread 0x000000000220e000 Threw 0x00000000ec0509a0 at C:\re\jdk7u79\2331\hotspot\src\share\vm\prims\jvm.cpp:1304
Event: 1.511 Thread 0x000000000220e000 Threw 0x00000000ec0533c8 at C:\re\jdk7u79\2331\hotspot\src\share\vm\prims\jvm.cpp:1304

Events (10 events):
Event: 1.421 loading class 0x0000000008943b90
Event: 1.421 loading class 0x0000000008943b90 done
Event: 1.497 loading class 0x0000000009c70ea0
Event: 1.497 loading class 0x0000000009c70ea0 done
Event: 1.510 loading class 0x0000000009ad89e0
Event: 1.510 loading class 0x0000000009ad89e0 done
Event: 1.511 loading class 0x0000000009dada10
Event: 1.511 loading class 0x0000000009dada10 done
Event: 1.511 loading class 0x0000000009ad8a20
Event: 1.511 loading class 0x0000000009ad8a20 done


Dynamic libraries:
0x000000013f830000 - 0x000000013f863000 	D:\jdkk\bin\java.exe
0x0000000077320000 - 0x00000000774ca000 	C:\Windows\SYSTEM32\ntdll.dll
0x0000000077100000 - 0x000000007721f000 	C:\Windows\system32\kernel32.dll
0x000007fefd1b0000 - 0x000007fefd21a000 	C:\Windows\system32\KERNELBASE.dll
0x000007fefe400000 - 0x000007fefe4db000 	C:\Windows\system32\ADVAPI32.dll
0x000007fefe5c0000 - 0x000007fefe65f000 	C:\Windows\system32\msvcrt.dll
0x000007fefddb0000 - 0x000007fefddcf000 	C:\Windows\SYSTEM32\sechost.dll
0x000007fefddd0000 - 0x000007fefdefd000 	C:\Windows\system32\RPCRT4.dll
0x0000000077220000 - 0x000000007731a000 	C:\Windows\system32\USER32.dll
0x000007fefd460000 - 0x000007fefd4c7000 	C:\Windows\system32\GDI32.dll
0x000007fefe5b0000 - 0x000007fefe5be000 	C:\Windows\system32\LPK.dll
0x000007fefe4e0000 - 0x000007fefe5aa000 	C:\Windows\system32\USP10.dll
0x000007fefa9b0000 - 0x000007fefaba4000 	C:\Windows\WinSxS\amd64_microsoft.windows.common-controls_6595b64144ccf1df_6.0.7601.18837_none_fa3b1e3d17594757\COMCTL32.dll
0x000007fefe2e0000 - 0x000007fefe351000 	C:\Windows\system32\SHLWAPI.dll
0x000007fefe020000 - 0x000007fefe04e000 	C:\Windows\system32\IMM32.DLL
0x000007fefe6b0000 - 0x000007fefe7b9000 	C:\Windows\system32\MSCTF.dll
0x000007fefcfd0000 - 0x000007fefd001000 	C:\Windows\system32\nvinitx.dll
0x000007fefcfc0000 - 0x000007fefcfcc000 	C:\Windows\system32\VERSION.dll
0x000000000f000000 - 0x000000000f006000 	C:\Program Files\NVIDIA Corporation\CoProcManager\detoured.dll
0x000007fef92d0000 - 0x000007fef9301000 	C:\Program Files\NVIDIA Corporation\CoProcManager\nvd3d9wrapx.dll
0x000007fefdb60000 - 0x000007fefdd37000 	C:\Windows\system32\SETUPAPI.dll
0x000007fefd250000 - 0x000007fefd286000 	C:\Windows\system32\CFGMGR32.dll
0x000007feff550000 - 0x000007feff628000 	C:\Windows\system32\OLEAUT32.dll
0x000007fefd7c0000 - 0x000007fefd9c3000 	C:\Windows\system32\ole32.dll
0x000007fefd0f0000 - 0x000007fefd10a000 	C:\Windows\system32\DEVOBJ.dll
0x000007fef8f40000 - 0x000007fef8f62000 	C:\Program Files\NVIDIA Corporation\CoProcManager\nvdxgiwrapx.dll
0x0000000077a70000 - 0x0000000077b42000 	D:\jdkk\jre\bin\msvcr100.dll
0x0000000056930000 - 0x0000000057105000 	D:\jdkk\jre\bin\server\jvm.dll
0x000007fef68f0000 - 0x000007fef68f9000 	C:\Windows\system32\WSOCK32.dll
0x000007fefe660000 - 0x000007fefe6ad000 	C:\Windows\system32\WS2_32.dll
0x000007fefdd40000 - 0x000007fefdd48000 	C:\Windows\system32\NSI.dll
0x000007fefa510000 - 0x000007fefa54b000 	C:\Windows\system32\WINMM.dll
0x00000000774e0000 - 0x00000000774e7000 	C:\Windows\system32\PSAPI.DLL
0x0000000056840000 - 0x000000005684f000 	D:\jdkk\jre\bin\verify.dll
0x0000000056810000 - 0x0000000056838000 	D:\jdkk\jre\bin\java.dll
0x00000000567f0000 - 0x0000000056805000 	D:\jdkk\jre\bin\zip.dll
0x00000000567d0000 - 0x00000000567ea000 	D:\jdkk\jre\bin\net.dll
0x000007fefc830000 - 0x000007fefc885000 	C:\Windows\system32\mswsock.dll
0x000007fefc820000 - 0x000007fefc827000 	C:\Windows\System32\wship6.dll
0x00000000567b0000 - 0x00000000567c1000 	D:\jdkk\jre\bin\nio.dll

VM Arguments:
jvm_args: -Djava.awt.headless=true -Xmx1024M -Dfile.encoding=GBK -Duser.country=CN -Duser.language=zh -Duser.variant 
java_command: com.android.dx.command.Main --dex --num-threads=4 --output E:\AndroidProjectDemo2\NewLearn\amingnet\build\intermediates\pre-dexed\debug\httpclient-4.2.5_3af0a0ad76a497202ed7fc699d548dadd70db6ca.jar E:\AndroidProjectDemo2\NewLearn\amingnet\libs\httpclient-4.2.5.jar
Launcher Type: SUN_STANDARD

Environment Variables:
JAVA_HOME=D:\jdkk
CLASSPATH=.;D:\jdkk\lib;
PATH=D:\jdkk\bin;;C:\Windows\system32
USERNAME=wenming
OS=Windows_NT
PROCESSOR_IDENTIFIER=Intel64 Family 6 Model 60 Stepping 3, GenuineIntel



---------------  S Y S T E M  ---------------

OS: Windows 7 , 64 bit Build 7601 Service Pack 1

CPU:total 8 (4 cores per cpu, 2 threads per core) family 6 model 60 stepping 3, cmov, cx8, fxsr, mmx, sse, sse2, sse3, ssse3, sse4.1, sse4.2, popcnt, avx, avx2, aes, erms, ht, tsc, tscinvbit

Memory: 4k page, physical 12467252k(2370824k free), swap 13694192k(4864k free)

vm_info: Java HotSpot(TM) 64-Bit Server VM (24.79-b02) for windows-amd64 JRE (1.7.0_79-b15), built on Apr 10 2015 12:36:16 by "java_re" with unknown MS VC++:1600

time: Tue Jun 21 15:25:52 2016
elapsed time: 1 seconds

