#
# There is insufficient memory for the Java Runtime Environment to continue.
# Native memory allocation (malloc) failed to allocate 70800 bytes for Chunk::new
# Possible reasons:
#   The system is out of physical RAM or swap space
#   In 32 bit mode, the process size limit was hit
# Possible solutions:
#   Reduce memory load on the system
#   Increase physical memory or swap space
#   Check if swap backing store is full
#   Use 64 bit Java on a 64 bit OS
#   Decrease Java heap size (-Xmx/-Xms)
#   Decrease number of Java threads
#   Decrease Java thread stack sizes (-Xss)
#   Set larger code cache with -XX:ReservedCodeCacheSize=
# This output file may be truncated or incomplete.
#
#  Out of Memory Error (allocation.cpp:323), pid=14736, tid=15596
#
# JRE version: Java(TM) SE Runtime Environment (7.0_79-b15) (build 1.7.0_79-b15)
# Java VM: Java HotSpot(TM) 64-Bit Server VM (24.79-b02 mixed mode windows-amd64 compressed oops)
# Failed to write core dump. Minidumps are not enabled by default on client versions of Windows
#

---------------  T H R E A D  ---------------

Current thread (0x000000000998d000):  JavaThread "C2 CompilerThread1" daemon [_thread_in_native, id=15596, stack(0x000000000b230000,0x000000000b330000)]

Stack: [0x000000000b230000,0x000000000b330000]
[error occurred during error reporting (printing stack bounds), id 0xc0000005]


[error occurred during error reporting (printing native stack), id 0xc0000005]


Current CompileTask:
C2:   1432   57             com.android.dx.ssa.SsaMethod::deleteInsns (239 bytes)


---------------  P R O C E S S  ---------------

Java Threads: ( => current thread )
  0x0000000009b65000 JavaThread "pool-2-thread-1" [_thread_blocked, id=16112, stack(0x000000000b8b0000,0x000000000b9b0000)]
  0x0000000009b62000 JavaThread "pool-1-thread-1" [_thread_in_Java, id=15932, stack(0x000000000b690000,0x000000000b790000)]
  0x0000000009992800 JavaThread "Service Thread" daemon [_thread_blocked, id=14248, stack(0x000000000b350000,0x000000000b450000)]
=>0x000000000998d000 JavaThread "C2 CompilerThread1" daemon [_thread_in_native, id=15596, stack(0x000000000b230000,0x000000000b330000)]
  0x00000000089e7000 JavaThread "C2 CompilerThread0" daemon [_thread_blocked, id=15696, stack(0x000000000b080000,0x000000000b180000)]
  0x0000000009985800 JavaThread "Attach Listener" daemon [_thread_blocked, id=14620, stack(0x000000000adb0000,0x000000000aeb0000)]
  0x0000000009984000 JavaThread "Signal Dispatcher" daemon [_thread_blocked, id=2196, stack(0x000000000af00000,0x000000000b000000)]
  0x00000000089d1000 JavaThread "Finalizer" daemon [_thread_blocked, id=15928, stack(0x000000000aca0000,0x000000000ada0000)]
  0x0000000002126800 JavaThread "Reference Handler" daemon [_thread_blocked, id=14844, stack(0x000000000ab10000,0x000000000ac10000)]
  0x000000000061e000 JavaThread "main" [_thread_blocked, id=9848, stack(0x0000000002360000,0x0000000002460000)]

Other Threads:
  0x00000000089ce000 VMThread [stack: 0x000000000a8b0000,0x000000000a9b0000] [id=15496]
  0x00000000099a3800 WatcherThread [stack: 0x000000000b500000,0x000000000b600000] [id=16208]

VM state:not at safepoint (normal execution)

VM Mutex/Monitor currently owned by a thread: None

Heap
 PSYoungGen      total 57344K, used 13974K [0x00000000eaa80000, 0x00000000eea00000, 0x0000000100000000)
  eden space 49664K, 28% used [0x00000000eaa80000,0x00000000eb825a30,0x00000000edb00000)
  from space 7680K, 0% used [0x00000000ee280000,0x00000000ee280000,0x00000000eea00000)
  to   space 7680K, 0% used [0x00000000edb00000,0x00000000edb00000,0x00000000ee280000)
 ParOldGen       total 129536K, used 0K [0x00000000c0000000, 0x00000000c7e80000, 0x00000000eaa80000)
  object space 129536K, 0% used [0x00000000c0000000,0x00000000c0000000,0x00000000c7e80000)
 PSPermGen       total 21504K, used 5647K [0x00000000bae00000, 0x00000000bc300000, 0x00000000c0000000)
  object space 21504K, 26% used [0x00000000bae00000,0x00000000bb383e90,0x00000000bc300000)

Card table byte_map: [0x0000000005460000,0x0000000005690000] byte_map_base: 0x0000000004e89000

Polling page: 0x0000000000150000

Code Cache  [0x0000000002460000, 0x00000000026d0000, 0x0000000005460000)
 total_blobs=296 nmethods=57 adapters=191 free_code_cache=48683Kb largest_free_block=49833216

Compilation events (10 events):
Event: 1.237 Thread 0x000000000998d000 nmethod 53 0x00000000024d6cd0 code [0x00000000024d6e00, 0x00000000024d6e58]
Event: 1.245 Thread 0x00000000089e7000   54             com.android.dx.ssa.NormalSsaInsn::getOriginalRopInsn (5 bytes)
Event: 1.246 Thread 0x00000000089e7000 nmethod 54 0x00000000024d55d0 code [0x00000000024d5700, 0x00000000024d5758]
Event: 1.258 Thread 0x000000000998d000   55             com.android.dx.util.MutabilityControl::<init> (10 bytes)
Event: 1.259 Thread 0x000000000998d000 nmethod 55 0x00000000024d53d0 code [0x00000000024d5500, 0x00000000024d5558]
Event: 1.393 Thread 0x00000000089e7000   56             com.android.dx.rop.type.Type::getCategory (36 bytes)
Event: 1.393 Thread 0x00000000089e7000 nmethod 56 0x00000000024d8190 code [0x00000000024d82c0, 0x00000000024d8338]
Event: 1.405 Thread 0x000000000998d000   57             com.android.dx.ssa.SsaMethod::deleteInsns (239 bytes)
Event: 1.413 Thread 0x00000000089e7000   58             com.android.dx.rop.code.Insn::getSources (5 bytes)
Event: 1.414 Thread 0x00000000089e7000 nmethod 58 0x00000000024d7f90 code [0x00000000024d80c0, 0x00000000024d8118]

GC Heap History (0 events):
No events

Deoptimization events (0 events):
No events

Internal exceptions (10 events):
Event: 1.059 Thread 0x0000000009b62000 Threw 0x00000000eb5bd220 at C:\re\jdk7u79\2331\hotspot\src\share\vm\prims\jvm.cpp:1304
Event: 1.060 Thread 0x0000000009b62000 Threw 0x00000000eb5c13d8 at C:\re\jdk7u79\2331\hotspot\src\share\vm\prims\jvm.cpp:1304
Event: 1.061 Thread 0x0000000009b62000 Threw 0x00000000eb5c68f8 at C:\re\jdk7u79\2331\hotspot\src\share\vm\prims\jvm.cpp:1304
Event: 1.063 Thread 0x0000000009b62000 Threw 0x00000000eb5cf088 at C:\re\jdk7u79\2331\hotspot\src\share\vm\prims\jvm.cpp:1304
Event: 1.064 Thread 0x0000000009b62000 Threw 0x00000000eb5d3f80 at C:\re\jdk7u79\2331\hotspot\src\share\vm\prims\jvm.cpp:1304
Event: 1.069 Thread 0x0000000009b62000 Threw 0x00000000eb5df878 at C:\re\jdk7u79\2331\hotspot\src\share\vm\prims\jvm.cpp:1304
Event: 1.070 Thread 0x0000000009b62000 Threw 0x00000000eb5e4df8 at C:\re\jdk7u79\2331\hotspot\src\share\vm\prims\jvm.cpp:1304
Event: 1.071 Thread 0x0000000009b62000 Threw 0x00000000eb5ea0e0 at C:\re\jdk7u79\2331\hotspot\src\share\vm\prims\jvm.cpp:1304
Event: 1.108 Thread 0x0000000009b62000 Threw 0x00000000eb6275c8 at C:\re\jdk7u79\2331\hotspot\src\share\vm\prims\jvm.cpp:1304
Event: 1.180 Thread 0x0000000009b62000 Threw 0x00000000eb694030 at C:\re\jdk7u79\2331\hotspot\src\share\vm\prims\jvm.cpp:1304

Events (10 events):
Event: 1.108 loading class 0x0000000009b77810 done
Event: 1.123 loading class 0x0000000008823bc0
Event: 1.123 loading class 0x0000000008823bc0 done
Event: 1.123 loading class 0x0000000008823b90
Event: 1.123 loading class 0x0000000008823b90 done
Event: 1.175 loading class 0x0000000008827fc0
Event: 1.175 loading class 0x0000000008827fc0 done
Event: 1.180 loading class 0x0000000009b64610
Event: 1.180 loading class 0x0000000009b64610 done
Event: 1.208 Thread 0x0000000009ac7800 Thread exited: 0x0000000009ac7800


Dynamic libraries:
0x000000013f830000 - 0x000000013f863000 	D:\jdkk\bin\java.exe
0x0000000077320000 - 0x00000000774ca000 	C:\Windows\SYSTEM32\ntdll.dll
0x0000000077100000 - 0x000000007721f000 	C:\Windows\system32\kernel32.dll
0x000007fefd1b0000 - 0x000007fefd21a000 	C:\Windows\system32\KERNELBASE.dll
0x000007fefe400000 - 0x000007fefe4db000 	C:\Windows\system32\ADVAPI32.dll
0x000007fefe5c0000 - 0x000007fefe65f000 	C:\Windows\system32\msvcrt.dll
0x000007fefddb0000 - 0x000007fefddcf000 	C:\Windows\SYSTEM32\sechost.dll
0x000007fefddd0000 - 0x000007fefdefd000 	C:\Windows\system32\RPCRT4.dll
0x0000000077220000 - 0x000000007731a000 	C:\Windows\system32\USER32.dll
0x000007fefd460000 - 0x000007fefd4c7000 	C:\Windows\system32\GDI32.dll
0x000007fefe5b0000 - 0x000007fefe5be000 	C:\Windows\system32\LPK.dll
0x000007fefe4e0000 - 0x000007fefe5aa000 	C:\Windows\system32\USP10.dll
0x000007fefa9b0000 - 0x000007fefaba4000 	C:\Windows\WinSxS\amd64_microsoft.windows.common-controls_6595b64144ccf1df_6.0.7601.18837_none_fa3b1e3d17594757\COMCTL32.dll
0x000007fefe2e0000 - 0x000007fefe351000 	C:\Windows\system32\SHLWAPI.dll
0x000007fefe020000 - 0x000007fefe04e000 	C:\Windows\system32\IMM32.DLL
0x000007fefe6b0000 - 0x000007fefe7b9000 	C:\Windows\system32\MSCTF.dll
0x000007fefcfd0000 - 0x000007fefd001000 	C:\Windows\system32\nvinitx.dll
0x000007fefcfc0000 - 0x000007fefcfcc000 	C:\Windows\system32\VERSION.dll
0x000000000f000000 - 0x000000000f006000 	C:\Program Files\NVIDIA Corporation\CoProcManager\detoured.dll
0x000007fef92d0000 - 0x000007fef9301000 	C:\Program Files\NVIDIA Corporation\CoProcManager\nvd3d9wrapx.dll
0x000007fefdb60000 - 0x000007fefdd37000 	C:\Windows\system32\SETUPAPI.dll
0x000007fefd250000 - 0x000007fefd286000 	C:\Windows\system32\CFGMGR32.dll
0x000007feff550000 - 0x000007feff628000 	C:\Windows\system32\OLEAUT32.dll
0x000007fefd7c0000 - 0x000007fefd9c3000 	C:\Windows\system32\ole32.dll
0x000007fefd0f0000 - 0x000007fefd10a000 	C:\Windows\system32\DEVOBJ.dll
0x000007fef8f40000 - 0x000007fef8f62000 	C:\Program Files\NVIDIA Corporation\CoProcManager\nvdxgiwrapx.dll
0x0000000077a70000 - 0x0000000077b42000 	D:\jdkk\jre\bin\msvcr100.dll
0x0000000056930000 - 0x0000000057105000 	D:\jdkk\jre\bin\server\jvm.dll
0x000007fef68f0000 - 0x000007fef68f9000 	C:\Windows\system32\WSOCK32.dll
0x000007fefe660000 - 0x000007fefe6ad000 	C:\Windows\system32\WS2_32.dll
0x000007fefdd40000 - 0x000007fefdd48000 	C:\Windows\system32\NSI.dll
0x000007fefa510000 - 0x000007fefa54b000 	C:\Windows\system32\WINMM.dll
0x00000000774e0000 - 0x00000000774e7000 	C:\Windows\system32\PSAPI.DLL
0x0000000056840000 - 0x000000005684f000 	D:\jdkk\jre\bin\verify.dll
0x0000000056810000 - 0x0000000056838000 	D:\jdkk\jre\bin\java.dll
0x00000000567f0000 - 0x0000000056805000 	D:\jdkk\jre\bin\zip.dll
0x00000000567d0000 - 0x00000000567ea000 	D:\jdkk\jre\bin\net.dll
0x000007fefc830000 - 0x000007fefc885000 	C:\Windows\system32\mswsock.dll
0x000007fefc820000 - 0x000007fefc827000 	C:\Windows\System32\wship6.dll
0x00000000567b0000 - 0x00000000567c1000 	D:\jdkk\jre\bin\nio.dll

VM Arguments:
jvm_args: -Djava.awt.headless=true -Xmx1024M -Dfile.encoding=GBK -Duser.country=CN -Duser.language=zh -Duser.variant 
java_command: com.android.dx.command.Main --dex --num-threads=4 --output E:\AndroidProjectDemo2\NewLearn\amingnet\build\intermediates\pre-dexed\debug\com.android.support-animated-vector-drawable-23.2.0_27210ec5803b08005e87ac8044f4870238cc8e62.jar E:\AndroidProjectDemo2\NewLearn\amingnet\build\intermediates\exploded-aar\com.android.support\animated-vector-drawable\23.2.0\jars\classes.jar
Launcher Type: SUN_STANDARD

Environment Variables:
JAVA_HOME=D:\jdkk
CLASSPATH=.;D:\jdkk\lib;
PATH=D:\jdkk\bin;;C:\Windows\system32
USERNAME=wenming
OS=Windows_NT
PROCESSOR_IDENTIFIER=Intel64 Family 6 Model 60 Stepping 3, GenuineIntel



---------------  S Y S T E M  ---------------

OS: Windows 7 , 64 bit Build 7601 Service Pack 1

CPU:total 8 (4 cores per cpu, 2 threads per core) family 6 model 60 stepping 3, cmov, cx8, fxsr, mmx, sse, sse2, sse3, ssse3, sse4.1, sse4.2, popcnt, avx, avx2, aes, erms, ht, tsc, tscinvbit

Memory: 4k page, physical 12467252k(2256512k free), swap 13694192k(5124k free)

vm_info: Java HotSpot(TM) 64-Bit Server VM (24.79-b02) for windows-amd64 JRE (1.7.0_79-b15), built on Apr 10 2015 12:36:16 by "java_re" with unknown MS VC++:1600

time: Tue Jun 21 15:29:06 2016
elapsed time: 1 seconds

