#
# There is insufficient memory for the Java Runtime Environment to continue.
# Native memory allocation (malloc) failed to allocate 588416 bytes for Chunk::new
# Possible reasons:
#   The system is out of physical RAM or swap space
#   In 32 bit mode, the process size limit was hit
# Possible solutions:
#   Reduce memory load on the system
#   Increase physical memory or swap space
#   Check if swap backing store is full
#   Use 64 bit Java on a 64 bit OS
#   Decrease Java heap size (-Xmx/-Xms)
#   Decrease number of Java threads
#   Decrease Java thread stack sizes (-Xss)
#   Set larger code cache with -XX:ReservedCodeCacheSize=
# This output file may be truncated or incomplete.
#
#  Out of Memory Error (allocation.cpp:323), pid=17364, tid=15524
#
# JRE version: Java(TM) SE Runtime Environment (7.0_79-b15) (build 1.7.0_79-b15)
# Java VM: Java HotSpot(TM) 64-Bit Server VM (24.79-b02 mixed mode windows-amd64 compressed oops)
# Failed to write core dump. Minidumps are not enabled by default on client versions of Windows
#

---------------  T H R E A D  ---------------

Current thread (0x0000000008aa5800):  JavaThread "C2 CompilerThread1" daemon [_thread_in_native, id=15524, stack(0x000000000b300000,0x000000000b400000)]

Stack: [0x000000000b300000,0x000000000b400000]
[error occurred during error reporting (printing stack bounds), id 0xc0000005]


[error occurred during error reporting (printing native stack), id 0xc0000005]


Current CompileTask:
C2:   1780  160             com.android.dx.ssa.SsaConverter::placePhiFunctions (394 bytes)


---------------  P R O C E S S  ---------------

Java Threads: ( => current thread )
  0x0000000009ce4800 JavaThread "pool-1-thread-4" [_thread_in_Java, id=16584, stack(0x000000000c680000,0x000000000c780000)]
  0x0000000009ce3800 JavaThread "pool-1-thread-3" [_thread_in_Java, id=14964, stack(0x000000000c420000,0x000000000c520000)]
  0x0000000009d8f800 JavaThread "pool-1-thread-2" [_thread_in_Java, id=2944, stack(0x000000000b520000,0x000000000b620000)]
  0x0000000009d8e800 JavaThread "pool-2-thread-1" [_thread_blocked, id=16076, stack(0x000000000c250000,0x000000000c350000)]
  0x0000000009d8e000 JavaThread "pool-1-thread-1" [_thread_in_vm, id=13308, stack(0x000000000bfe0000,0x000000000c0e0000)]
  0x0000000009a5b000 JavaThread "Service Thread" daemon [_thread_blocked, id=15368, stack(0x000000000b420000,0x000000000b520000)]
=>0x0000000008aa5800 JavaThread "C2 CompilerThread1" daemon [_thread_in_native, id=15524, stack(0x000000000b300000,0x000000000b400000)]
  0x0000000009a4d800 JavaThread "C2 CompilerThread0" daemon [_thread_in_native, id=17084, stack(0x000000000b170000,0x000000000b270000)]
  0x0000000009a4c000 JavaThread "Attach Listener" daemon [_thread_blocked, id=16540, stack(0x000000000afe0000,0x000000000b0e0000)]
  0x0000000008aa9000 JavaThread "Signal Dispatcher" daemon [_thread_blocked, id=12448, stack(0x000000000ab20000,0x000000000ac20000)]
  0x0000000008a91000 JavaThread "Finalizer" daemon [_thread_blocked, id=17860, stack(0x000000000ae80000,0x000000000af80000)]
  0x00000000021a6800 JavaThread "Reference Handler" daemon [_thread_blocked, id=14696, stack(0x000000000acc0000,0x000000000adc0000)]
  0x00000000002ae000 JavaThread "main" [_thread_in_Java, id=17160, stack(0x0000000002390000,0x0000000002490000)]

Other Threads:
  0x0000000008a8e000 VMThread [stack: 0x000000000aa10000,0x000000000ab10000] [id=404]
  0x0000000009a64000 WatcherThread [stack: 0x000000000b640000,0x000000000b740000] [id=1628]

VM state:not at safepoint (normal execution)

VM Mutex/Monitor currently owned by a thread: None

Heap
 PSYoungGen      total 57344K, used 35778K [0x00000000eaa80000, 0x00000000eea00000, 0x0000000100000000)
  eden space 49664K, 72% used [0x00000000eaa80000,0x00000000ecd70908,0x00000000edb00000)
  from space 7680K, 0% used [0x00000000ee280000,0x00000000ee280000,0x00000000eea00000)
  to   space 7680K, 0% used [0x00000000edb00000,0x00000000edb00000,0x00000000ee280000)
 ParOldGen       total 129536K, used 0K [0x00000000c0000000, 0x00000000c7e80000, 0x00000000eaa80000)
  object space 129536K, 0% used [0x00000000c0000000,0x00000000c0000000,0x00000000c7e80000)
 PSPermGen       total 21504K, used 5826K [0x00000000bae00000, 0x00000000bc300000, 0x00000000c0000000)
  object space 21504K, 27% used [0x00000000bae00000,0x00000000bb3b0ae0,0x00000000bc300000)

Card table byte_map: [0x0000000005490000,0x00000000056c0000] byte_map_base: 0x0000000004eb9000

Polling page: 0x0000000000250000

Code Cache  [0x0000000002490000, 0x0000000002700000, 0x0000000005490000)
 total_blobs=418 nmethods=179 adapters=191 free_code_cache=48447Kb largest_free_block=49588608

Compilation events (10 events):
Event: 1.628 Thread 0x0000000009a4d800 nmethod 172 0x000000000253abd0 code [0x000000000253ad00, 0x000000000253ad58]
Event: 1.628 Thread 0x0000000009a4d800  173             com.android.dx.ssa.SsaMethod::mapRegisters (87 bytes)
Event: 1.673 Thread 0x0000000009a4d800 nmethod 173 0x0000000002540650 code [0x0000000002540860, 0x0000000002541960]
Event: 1.673 Thread 0x0000000009a4d800  174             com.android.dx.rop.code.Insn::<init> (69 bytes)
Event: 1.674 Thread 0x0000000009a4d800 nmethod 174 0x0000000002537d90 code [0x0000000002537ec0, 0x0000000002537fb8]
Event: 1.674 Thread 0x0000000009a4d800  175   !         com.android.dx.rop.cst.StdConstantPool::getOrNull (13 bytes)
Event: 1.675 Thread 0x0000000009a4d800 nmethod 175 0x0000000002537b10 code [0x0000000002537c40, 0x0000000002537cd8]
Event: 1.675 Thread 0x0000000009a4d800  176             com.android.dx.util.Bits::set (19 bytes)
Event: 1.676 Thread 0x0000000009a4d800 nmethod 176 0x0000000002537890 code [0x00000000025379c0, 0x0000000002537a58]
Event: 1.676 Thread 0x0000000009a4d800  177             java.util.TreeMap::put (247 bytes)

GC Heap History (0 events):
No events

Deoptimization events (7 events):
Event: 1.206 Thread 0x0000000009d8f800 Uncommon trap: reason=class_check action=maybe_recompile pc=0x000000000250e698 method=com.android.dx.ssa.NormalSsaInsn.accept(Lcom/android/dx/ssa/SsaInsn$Visitor;)V @ 9
Event: 1.235 Thread 0x0000000009d8f800 Uncommon trap: reason=class_check action=maybe_recompile pc=0x000000000250e698 method=com.android.dx.ssa.NormalSsaInsn.accept(Lcom/android/dx/ssa/SsaInsn$Visitor;)V @ 9
Event: 1.314 Thread 0x0000000009ce3800 Uncommon trap: reason=class_check action=maybe_recompile pc=0x000000000250e698 method=com.android.dx.ssa.NormalSsaInsn.accept(Lcom/android/dx/ssa/SsaInsn$Visitor;)V @ 9
Event: 1.334 Thread 0x0000000009ce3800 Uncommon trap: reason=null_check action=make_not_entrant pc=0x0000000002513f18 method=com.android.dx.rop.code.LocalItem.equals(Ljava/lang/Object;)Z @ 1
Event: 1.401 Thread 0x0000000009ce3800 Uncommon trap: reason=class_check action=maybe_recompile pc=0x000000000250e698 method=com.android.dx.ssa.NormalSsaInsn.accept(Lcom/android/dx/ssa/SsaInsn$Visitor;)V @ 9
Event: 1.436 Thread 0x0000000009d8f800 Uncommon trap: reason=unreached action=reinterpret pc=0x000000000251ec04 method=com.android.dx.rop.cst.Constant.compareTo(Lcom/android/dx/rop/cst/Constant;)I @ 12
Event: 1.587 Thread 0x0000000009ce3800 Uncommon trap: reason=null_check action=make_not_entrant pc=0x000000000252c814 method=com.android.dx.rop.type.Type.equals(Ljava/lang/Object;)Z @ 8

Internal exceptions (10 events):
Event: 1.113 Thread 0x0000000009d8f800 Threw 0x00000000eb891ee0 at C:\re\jdk7u79\2331\hotspot\src\share\vm\prims\jvm.cpp:1304
Event: 1.117 Thread 0x0000000009d8f800 Threw 0x00000000eb8962a8 at C:\re\jdk7u79\2331\hotspot\src\share\vm\prims\jvm.cpp:1304
Event: 1.123 Thread 0x00000000002ae000 Threw 0x00000000eb9ac208 at C:\re\jdk7u79\2331\hotspot\src\share\vm\prims\jvm.cpp:1304
Event: 1.129 Thread 0x0000000009ce3800 Threw 0x00000000ebb82390 at C:\re\jdk7u79\2331\hotspot\src\share\vm\prims\jvm.cpp:1304
Event: 1.145 Thread 0x00000000002ae000 Threw 0x00000000eb9d5358 at C:\re\jdk7u79\2331\hotspot\src\share\vm\prims\jvm.cpp:1304
Event: 1.176 Thread 0x0000000009d8f800 Threw 0x00000000eb907100 at C:\re\jdk7u79\2331\hotspot\src\share\vm\prims\jvm.cpp:1304
Event: 1.200 Thread 0x00000000002ae000 Threw 0x00000000eb9fca90 at C:\re\jdk7u79\2331\hotspot\src\share\vm\prims\jvm.cpp:1304
Event: 1.297 Thread 0x0000000009d8f800 Threw 0x00000000ebca87d0 at C:\re\jdk7u79\2331\hotspot\src\share\vm\prims\jvm.cpp:1304
Event: 1.334 Thread 0x0000000009ce3800 Implicit null exception at 0x0000000002513b20 to 0x0000000002513f05
Event: 1.587 Thread 0x0000000009ce3800 Implicit null exception at 0x000000000252c712 to 0x000000000252c805

Events (10 events):
Event: 1.436 Thread 0x0000000009d8f800 Uncommon trap: trap_request=0xffffffad fr.pc=0x000000000251ec04
Event: 1.436 Thread 0x0000000009d8f800 DEOPT PACKING pc=0x000000000251ec04 sp=0x000000000b61eb20
Event: 1.436 Thread 0x0000000009d8f800 DEOPT UNPACKING pc=0x00000000024c75a4 sp=0x000000000b61eac0 mode 2
Event: 1.437 loading class 0x00000000088ee970
Event: 1.438 loading class 0x00000000088ee970 done
Event: 1.438 loading class 0x00000000088ee940
Event: 1.438 loading class 0x00000000088ee940 done
Event: 1.587 Thread 0x0000000009ce3800 Uncommon trap: trap_request=0xfffffff4 fr.pc=0x000000000252c814
Event: 1.587 Thread 0x0000000009ce3800 DEOPT PACKING pc=0x000000000252c814 sp=0x000000000c51ea60
Event: 1.587 Thread 0x0000000009ce3800 DEOPT UNPACKING pc=0x00000000024c75a4 sp=0x000000000c51e9f8 mode 2


Dynamic libraries:
0x000000013fba0000 - 0x000000013fbd3000 	D:\jdkk\bin\java.exe
0x0000000077100000 - 0x00000000772aa000 	C:\Windows\SYSTEM32\ntdll.dll
0x0000000076ee0000 - 0x0000000076fff000 	C:\Windows\system32\kernel32.dll
0x000007fefd150000 - 0x000007fefd1ba000 	C:\Windows\system32\KERNELBASE.dll
0x000007fefd5f0000 - 0x000007fefd6cb000 	C:\Windows\system32\ADVAPI32.dll
0x000007fefd410000 - 0x000007fefd4af000 	C:\Windows\system32\msvcrt.dll
0x000007fefd370000 - 0x000007fefd38f000 	C:\Windows\SYSTEM32\sechost.dll
0x000007fefd240000 - 0x000007fefd36d000 	C:\Windows\system32\RPCRT4.dll
0x0000000077000000 - 0x00000000770fa000 	C:\Windows\system32\USER32.dll
0x000007fefea00000 - 0x000007fefea67000 	C:\Windows\system32\GDI32.dll
0x000007fefd6e0000 - 0x000007fefd6ee000 	C:\Windows\system32\LPK.dll
0x000007feff2e0000 - 0x000007feff3aa000 	C:\Windows\system32\USP10.dll
0x000007fefb880000 - 0x000007fefba74000 	C:\Windows\WinSxS\amd64_microsoft.windows.common-controls_6595b64144ccf1df_6.0.7601.18837_none_fa3b1e3d17594757\COMCTL32.dll
0x000007fefdae0000 - 0x000007fefdb51000 	C:\Windows\system32\SHLWAPI.dll
0x000007fefe8f0000 - 0x000007fefe91e000 	C:\Windows\system32\IMM32.DLL
0x000007fefeee0000 - 0x000007fefefe9000 	C:\Windows\system32\MSCTF.dll
0x000007fefcdb0000 - 0x000007fefcde1000 	C:\Windows\system32\nvinitx.dll
0x000007fefcda0000 - 0x000007fefcdac000 	C:\Windows\system32\VERSION.dll
0x000000000f000000 - 0x000000000f006000 	C:\Program Files\NVIDIA Corporation\CoProcManager\detoured.dll
0x000007fef99f0000 - 0x000007fef9a21000 	C:\Program Files\NVIDIA Corporation\CoProcManager\nvd3d9wrapx.dll
0x000007fefd6f0000 - 0x000007fefd8c7000 	C:\Windows\system32\SETUPAPI.dll
0x000007fefd040000 - 0x000007fefd076000 	C:\Windows\system32\CFGMGR32.dll
0x000007fefe920000 - 0x000007fefe9f8000 	C:\Windows\system32\OLEAUT32.dll
0x000007fefd8d0000 - 0x000007fefdad3000 	C:\Windows\system32\ole32.dll
0x000007fefcea0000 - 0x000007fefceba000 	C:\Windows\system32\DEVOBJ.dll
0x000007fef99c0000 - 0x000007fef99e2000 	C:\Program Files\NVIDIA Corporation\CoProcManager\nvdxgiwrapx.dll
0x0000000077930000 - 0x0000000077a02000 	D:\jdkk\jre\bin\msvcr100.dll
0x0000000059260000 - 0x0000000059a35000 	D:\jdkk\jre\bin\server\jvm.dll
0x000007feef6f0000 - 0x000007feef6f9000 	C:\Windows\system32\WSOCK32.dll
0x000007fefea70000 - 0x000007fefeabd000 	C:\Windows\system32\WS2_32.dll
0x000007fefd6d0000 - 0x000007fefd6d8000 	C:\Windows\system32\NSI.dll
0x000007fefafc0000 - 0x000007fefaffb000 	C:\Windows\system32\WINMM.dll
0x00000000772d0000 - 0x00000000772d7000 	C:\Windows\system32\PSAPI.DLL
0x00000000699b0000 - 0x00000000699bf000 	D:\jdkk\jre\bin\verify.dll
0x0000000064ad0000 - 0x0000000064af8000 	D:\jdkk\jre\bin\java.dll
0x0000000064870000 - 0x0000000064885000 	D:\jdkk\jre\bin\zip.dll
0x00000000646e0000 - 0x00000000646fa000 	D:\jdkk\jre\bin\net.dll
0x000007fefc610000 - 0x000007fefc665000 	C:\Windows\system32\mswsock.dll
0x000007fefc600000 - 0x000007fefc607000 	C:\Windows\System32\wship6.dll
0x00000000647c0000 - 0x00000000647d1000 	D:\jdkk\jre\bin\nio.dll

VM Arguments:
jvm_args: -Djava.awt.headless=true -Xmx1024M -Dfile.encoding=GBK -Duser.country=CN -Duser.language=zh -Duser.variant 
java_command: com.android.dx.command.Main --dex --num-threads=4 --output E:\AndroidProjectDemo2\NewLearn\queryview\build\intermediates\pre-dexed\debug\internal_impl-23.2.0_80f1ec7e35286f222bedf3e7c08f2ef0c78758d8.jar E:\AndroidProjectDemo2\NewLearn\queryview\build\intermediates\exploded-aar\com.android.support\support-v4\23.2.0\jars\libs\internal_impl-23.2.0.jar
Launcher Type: SUN_STANDARD

Environment Variables:
JAVA_HOME=D:\jdkk
CLASSPATH=.;D:\jdkk\lib;
PATH=D:\jdkk\bin;D:\tools\Git\cmd;;C:\Windows\system32
USERNAME=wenming
OS=Windows_NT
PROCESSOR_IDENTIFIER=Intel64 Family 6 Model 60 Stepping 3, GenuineIntel



---------------  S Y S T E M  ---------------

OS: Windows 7 , 64 bit Build 7601 Service Pack 1

CPU:total 8 (4 cores per cpu, 2 threads per core) family 6 model 60 stepping 3, cmov, cx8, fxsr, mmx, sse, sse2, sse3, ssse3, sse4.1, sse4.2, popcnt, avx, avx2, aes, erms, ht, tsc, tscinvbit

Memory: 4k page, physical 12467252k(2411160k free), swap 13694192k(6488k free)

vm_info: Java HotSpot(TM) 64-Bit Server VM (24.79-b02) for windows-amd64 JRE (1.7.0_79-b15), built on Apr 10 2015 12:36:16 by "java_re" with unknown MS VC++:1600

time: Tue Jun 28 20:32:22 2016
elapsed time: 1 seconds

